Namespace(beta=0, data_root='./data/voxceleb', dataset='voxceleb', epoch=10, eval=False, eval_every=3, frame_dim=3200, local_rank=0, margin=100, mul=0.01, no_dist=True, noise_dim=100, noise_scale=1, norm_clip=0.01, norm_factor=1000, norm_factor_grow=0, num_workers=6, output_dir='./output/VOX_generator_test_10_3', pt_file='none', seed=1234, speaker_cfg='./config/timit_speaker_generator.cfg', speaker_factor=1, speaker_model='./output/SincNet_TIMIT/model_raw.pkl', target=-1, test=False, test_interpolation=False, test_output='./output/timit_generator_test', wlen=200)
start training...
output dir: ./output/VOX_generator_test_10_3
epoch: 0000/0010 [00000/3551], mode:train, loss_total: 1.999(speaker:1.999,norm:0.000,loss_total:1.999), err:(err_spk:0.906), lr(e-3):[ 1.000], grad(e-3):(speaker:0.258,norm:0.000,total:0.258), noise(e-3):(mean:0.000,std:0.000,m_abs:0.000)
epoch: 0000/0010 [00100/3551], mode:train, loss_total: 2.263(speaker:1.999,norm:0.265,loss_total:2.263), err:(err_spk:0.977), lr(e-3):[ 1.000], grad(e-3):(speaker:0.475,norm:0.859,total:1.292), noise(e-3):(mean:-4.243,std:4.624,m_abs:4.378)
epoch: 0000/0010 [00200/3551], mode:train, loss_total: 2.190(speaker:1.999,norm:0.191,loss_total:2.190), err:(err_spk:0.914), lr(e-3):[ 1.000], grad(e-3):(speaker:0.275,norm:0.754,total:1.020), noise(e-3):(mean:-1.981,std:2.421,m_abs:2.289)
epoch: 0000/0010 [00300/3551], mode:train, loss_total: 2.221(speaker:1.999,norm:0.222,loss_total:2.221), err:(err_spk:0.953), lr(e-3):[ 1.000], grad(e-3):(speaker:0.237,norm:1.478,total:1.697), noise(e-3):(mean:2.398,std:2.473,m_abs:2.416)
epoch: 0000/0010 [00400/3551], mode:train, loss_total: 1.999(speaker:1.999,norm:0.000,loss_total:1.999), err:(err_spk:0.961), lr(e-3):[ 1.000], grad(e-3):(speaker:0.299,norm:0.000,total:0.299), noise(e-3):(mean:-0.178,std:0.217,m_abs:0.180)
epoch: 0000/0010 [00500/3551], mode:train, loss_total: 1.999(speaker:1.999,norm:0.000,loss_total:1.999), err:(err_spk:0.914), lr(e-3):[ 1.000], grad(e-3):(speaker:0.267,norm:0.000,total:0.267), noise(e-3):(mean:0.179,std:0.333,m_abs:0.189)
epoch: 0000/0010 [00600/3551], mode:train, loss_total: 1.999(speaker:1.999,norm:0.000,loss_total:1.999), err:(err_spk:0.953), lr(e-3):[ 1.000], grad(e-3):(speaker:0.263,norm:0.000,total:0.263), noise(e-3):(mean:0.146,std:0.318,m_abs:0.162)
epoch: 0000/0010 [00700/3551], mode:train, loss_total: 1.999(speaker:1.999,norm:0.000,loss_total:1.999), err:(err_spk:0.914), lr(e-3):[ 1.000], grad(e-3):(speaker:0.355,norm:0.000,total:0.355), noise(e-3):(mean:0.261,std:0.199,m_abs:0.261)
epoch: 0000/0010 [00800/3551], mode:train, loss_total: 1.999(speaker:1.999,norm:0.000,loss_total:1.999), err:(err_spk:0.922), lr(e-3):[ 1.000], grad(e-3):(speaker:0.298,norm:0.000,total:0.298), noise(e-3):(mean:-0.133,std:0.278,m_abs:0.167)
epoch: 0000/0010 [00900/3551], mode:train, loss_total: 1.999(speaker:1.999,norm:0.000,loss_total:1.999), err:(err_spk:0.922), lr(e-3):[ 1.000], grad(e-3):(speaker:0.339,norm:0.000,total:0.339), noise(e-3):(mean:0.040,std:0.146,m_abs:0.086)
epoch: 0000/0010 [01000/3551], mode:train, loss_total: 1.998(speaker:1.998,norm:0.000,loss_total:1.998), err:(err_spk:0.938), lr(e-3):[ 1.000], grad(e-3):(speaker:0.361,norm:0.000,total:0.361), noise(e-3):(mean:0.112,std:0.145,m_abs:0.127)
epoch: 0000/0010 [01100/3551], mode:train, loss_total: 1.999(speaker:1.999,norm:0.000,loss_total:1.999), err:(err_spk:0.922), lr(e-3):[ 1.000], grad(e-3):(speaker:0.281,norm:0.000,total:0.281), noise(e-3):(mean:0.110,std:0.166,m_abs:0.135)
epoch: 0000/0010 [01200/3551], mode:train, loss_total: 1.999(speaker:1.999,norm:0.000,loss_total:1.999), err:(err_spk:0.922), lr(e-3):[ 1.000], grad(e-3):(speaker:0.238,norm:0.000,total:0.238), noise(e-3):(mean:0.077,std:0.163,m_abs:0.110)
epoch: 0000/0010 [01300/3551], mode:train, loss_total: 1.999(speaker:1.999,norm:0.000,loss_total:1.999), err:(err_spk:0.891), lr(e-3):[ 1.000], grad(e-3):(speaker:0.292,norm:0.000,total:0.292), noise(e-3):(mean:0.135,std:0.175,m_abs:0.141)
epoch: 0000/0010 [01400/3551], mode:train, loss_total: 1.999(speaker:1.999,norm:0.000,loss_total:1.999), err:(err_spk:0.945), lr(e-3):[ 1.000], grad(e-3):(speaker:0.264,norm:0.000,total:0.264), noise(e-3):(mean:0.116,std:0.138,m_abs:0.119)
epoch: 0000/0010 [01500/3551], mode:train, loss_total: 1.999(speaker:1.999,norm:0.000,loss_total:1.999), err:(err_spk:0.906), lr(e-3):[ 1.000], grad(e-3):(speaker:0.288,norm:0.000,total:0.288), noise(e-3):(mean:0.100,std:0.134,m_abs:0.114)
epoch: 0000/0010 [01600/3551], mode:train, loss_total: 1.999(speaker:1.999,norm:0.000,loss_total:1.999), err:(err_spk:0.953), lr(e-3):[ 1.000], grad(e-3):(speaker:0.271,norm:0.000,total:0.271), noise(e-3):(mean:0.114,std:0.116,m_abs:0.116)
epoch: 0000/0010 [01700/3551], mode:train, loss_total: 1.999(speaker:1.999,norm:0.000,loss_total:1.999), err:(err_spk:0.930), lr(e-3):[ 1.000], grad(e-3):(speaker:0.287,norm:0.000,total:0.287), noise(e-3):(mean:0.144,std:0.218,m_abs:0.148)
epoch: 0000/0010 [01800/3551], mode:train, loss_total: 1.999(speaker:1.999,norm:0.000,loss_total:1.999), err:(err_spk:0.891), lr(e-3):[ 1.000], grad(e-3):(speaker:0.314,norm:0.000,total:0.314), noise(e-3):(mean:0.063,std:0.151,m_abs:0.098)
epoch: 0000/0010 [01900/3551], mode:train, loss_total: 1.998(speaker:1.998,norm:0.000,loss_total:1.998), err:(err_spk:0.930), lr(e-3):[ 1.000], grad(e-3):(speaker:0.278,norm:0.000,total:0.278), noise(e-3):(mean:0.106,std:0.134,m_abs:0.121)
epoch: 0000/0010 [02000/3551], mode:train, loss_total: 1.999(speaker:1.999,norm:0.000,loss_total:1.999), err:(err_spk:0.930), lr(e-3):[ 1.000], grad(e-3):(speaker:0.284,norm:0.000,total:0.284), noise(e-3):(mean:0.117,std:0.121,m_abs:0.119)
epoch: 0000/0010 [02100/3551], mode:train, loss_total: 1.999(speaker:1.999,norm:0.000,loss_total:1.999), err:(err_spk:0.938), lr(e-3):[ 1.000], grad(e-3):(speaker:0.266,norm:0.000,total:0.266), noise(e-3):(mean:0.087,std:0.113,m_abs:0.093)
epoch: 0000/0010 [02200/3551], mode:train, loss_total: 1.999(speaker:1.999,norm:0.000,loss_total:1.999), err:(err_spk:0.906), lr(e-3):[ 1.000], grad(e-3):(speaker:0.299,norm:0.000,total:0.299), noise(e-3):(mean:0.141,std:0.175,m_abs:0.145)
epoch: 0000/0010 [02300/3551], mode:train, loss_total: 1.999(speaker:1.999,norm:0.000,loss_total:1.999), err:(err_spk:0.875), lr(e-3):[ 1.000], grad(e-3):(speaker:0.304,norm:0.000,total:0.304), noise(e-3):(mean:0.111,std:0.132,m_abs:0.123)
epoch: 0000/0010 [02400/3551], mode:train, loss_total: 1.998(speaker:1.998,norm:0.000,loss_total:1.998), err:(err_spk:0.938), lr(e-3):[ 1.000], grad(e-3):(speaker:0.257,norm:0.000,total:0.257), noise(e-3):(mean:0.025,std:0.082,m_abs:0.057)
epoch: 0000/0010 [02500/3551], mode:train, loss_total: 1.999(speaker:1.999,norm:0.000,loss_total:1.999), err:(err_spk:0.922), lr(e-3):[ 1.000], grad(e-3):(speaker:0.271,norm:0.000,total:0.271), noise(e-3):(mean:0.076,std:0.142,m_abs:0.105)
epoch: 0000/0010 [02600/3551], mode:train, loss_total: 1.999(speaker:1.999,norm:0.000,loss_total:1.999), err:(err_spk:0.953), lr(e-3):[ 1.000], grad(e-3):(speaker:0.263,norm:0.000,total:0.263), noise(e-3):(mean:0.110,std:0.137,m_abs:0.113)
epoch: 0000/0010 [02700/3551], mode:train, loss_total: 1.999(speaker:1.999,norm:0.000,loss_total:1.999), err:(err_spk:0.914), lr(e-3):[ 1.000], grad(e-3):(speaker:0.296,norm:0.000,total:0.296), noise(e-3):(mean:0.596,std:0.489,m_abs:0.611)
epoch: 0000/0010 [02800/3551], mode:train, loss_total: 1.998(speaker:1.998,norm:0.000,loss_total:1.998), err:(err_spk:0.945), lr(e-3):[ 1.000], grad(e-3):(speaker:0.367,norm:0.000,total:0.367), noise(e-3):(mean:0.430,std:0.450,m_abs:0.430)
epoch: 0000/0010 [02900/3551], mode:train, loss_total: 1.999(speaker:1.999,norm:0.000,loss_total:1.999), err:(err_spk:0.938), lr(e-3):[ 1.000], grad(e-3):(speaker:0.407,norm:0.000,total:0.407), noise(e-3):(mean:-0.053,std:0.060,m_abs:0.054)
epoch: 0000/0010 [03000/3551], mode:train, loss_total: 1.999(speaker:1.999,norm:0.000,loss_total:1.999), err:(err_spk:0.945), lr(e-3):[ 1.000], grad(e-3):(speaker:0.377,norm:0.000,total:0.377), noise(e-3):(mean:-0.316,std:0.209,m_abs:0.316)
epoch: 0000/0010 [03100/3551], mode:train, loss_total: 1.999(speaker:1.999,norm:0.000,loss_total:1.999), err:(err_spk:0.945), lr(e-3):[ 1.000], grad(e-3):(speaker:0.332,norm:0.000,total:0.332), noise(e-3):(mean:-0.111,std:0.172,m_abs:0.141)
epoch: 0000/0010 [03200/3551], mode:train, loss_total: 1.998(speaker:1.998,norm:0.000,loss_total:1.998), err:(err_spk:0.969), lr(e-3):[ 1.000], grad(e-3):(speaker:0.271,norm:0.000,total:0.271), noise(e-3):(mean:-0.162,std:0.133,m_abs:0.162)
epoch: 0000/0010 [03300/3551], mode:train, loss_total: 1.999(speaker:1.999,norm:0.000,loss_total:1.999), err:(err_spk:0.906), lr(e-3):[ 1.000], grad(e-3):(speaker:0.291,norm:0.000,total:0.291), noise(e-3):(mean:-0.148,std:0.109,m_abs:0.148)
epoch: 0000/0010 [03400/3551], mode:train, loss_total: 1.998(speaker:1.998,norm:0.000,loss_total:1.998), err:(err_spk:0.930), lr(e-3):[ 1.000], grad(e-3):(speaker:0.366,norm:0.000,total:0.366), noise(e-3):(mean:-0.157,std:0.141,m_abs:0.157)
epoch: 0000/0010 [03500/3551], mode:train, loss_total: 1.999(speaker:1.999,norm:0.000,loss_total:1.999), err:(err_spk:0.883), lr(e-3):[ 1.000], grad(e-3):(speaker:0.283,norm:0.000,total:0.283), noise(e-3):(mean:-0.199,std:0.190,m_abs:0.200)
epoch: 0000 mode:train, 'speaker': 0.32988845111355924, 'norm': 0.11807072013606432, 'loss_total': 2.094188458963065, 'err_spk': 0.9300836083555903, 'mean': 0.05548036214340044, 'std': 1.2806854143858364, 'm_abs': 1.1556212241034975, 'total': 0.4414695763430579
epoch: 0000/0010 [00000/907], mode:eval , loss: 1.998(speaker:1.998,norm:0.000,loss_total:1.998), err:(err_spk:0.867), noise(e-3):(mean:-0.164,std:0.128,m_abs:0.164)
epoch: 0000/0010 [00100/907], mode:eval , loss: 1.999(speaker:1.999,norm:0.000,loss_total:1.999), err:(err_spk:0.938), noise(e-3):(mean:-0.175,std:0.158,m_abs:0.175)
epoch: 0000/0010 [00200/907], mode:eval , loss: 1.999(speaker:1.999,norm:0.000,loss_total:1.999), err:(err_spk:0.938), noise(e-3):(mean:-0.165,std:0.146,m_abs:0.165)
epoch: 0000/0010 [00300/907], mode:eval , loss: 1.998(speaker:1.998,norm:0.000,loss_total:1.998), err:(err_spk:0.953), noise(e-3):(mean:-0.154,std:0.135,m_abs:0.154)
epoch: 0000/0010 [00400/907], mode:eval , loss: 1.999(speaker:1.999,norm:0.000,loss_total:1.999), err:(err_spk:0.922), noise(e-3):(mean:-0.152,std:0.121,m_abs:0.152)
epoch: 0000/0010 [00500/907], mode:eval , loss: 1.998(speaker:1.998,norm:0.000,loss_total:1.998), err:(err_spk:0.867), noise(e-3):(mean:-0.166,std:0.137,m_abs:0.166)
epoch: 0000/0010 [00600/907], mode:eval , loss: 1.998(speaker:1.998,norm:0.000,loss_total:1.998), err:(err_spk:0.922), noise(e-3):(mean:-0.153,std:0.117,m_abs:0.153)
epoch: 0000/0010 [00700/907], mode:eval , loss: 1.999(speaker:1.999,norm:0.000,loss_total:1.999), err:(err_spk:0.938), noise(e-3):(mean:-0.148,std:0.106,m_abs:0.148)
epoch: 0000/0010 [00800/907], mode:eval , loss: 1.999(speaker:1.999,norm:0.000,loss_total:1.999), err:(err_spk:0.875), noise(e-3):(mean:-0.177,std:0.144,m_abs:0.177)
epoch: 0000/0010 [00900/907], mode:eval , loss: 1.999(speaker:1.999,norm:0.000,loss_total:1.999), err:(err_spk:0.875), noise(e-3):(mean:-0.138,std:0.092,m_abs:0.138)
epoch: 0000 mode: eval, 'speaker': 1.9985945702256827, 'norm': 4.6557486624304396e-07, 'loss_total': 1.9985950357174052, 'err_spk': 0.9322241379310345, 'mean': -0.1630959119246309, 'std': 0.13759202974174042, 'm_abs': 0.1631239051970749
EvalHook: best accu: 0.932, is_best: True
epoch: 0001/0010 [00049/3551], mode:train, loss_total: 1.998(speaker:1.998,norm:0.000,loss_total:1.998), err:(err_spk:0.938), lr(e-3):[ 1.000], grad(e-3):(speaker:0.261,norm:0.000,total:0.261), noise(e-3):(mean:-0.176,std:0.116,m_abs:0.177)
epoch: 0001/0010 [00149/3551], mode:train, loss_total: 1.999(speaker:1.999,norm:0.000,loss_total:1.999), err:(err_spk:0.914), lr(e-3):[ 1.000], grad(e-3):(speaker:0.231,norm:0.000,total:0.231), noise(e-3):(mean:-0.611,std:0.546,m_abs:0.611)
epoch: 0001/0010 [00249/3551], mode:train, loss_total: 1.998(speaker:1.998,norm:0.000,loss_total:1.998), err:(err_spk:0.945), lr(e-3):[ 1.000], grad(e-3):(speaker:0.371,norm:0.000,total:0.371), noise(e-3):(mean:0.114,std:0.130,m_abs:0.123)
epoch: 0001/0010 [00349/3551], mode:train, loss_total: 1.999(speaker:1.999,norm:0.000,loss_total:1.999), err:(err_spk:0.938), lr(e-3):[ 1.000], grad(e-3):(speaker:0.280,norm:0.000,total:0.280), noise(e-3):(mean:-0.121,std:0.100,m_abs:0.121)
epoch: 0001/0010 [00449/3551], mode:train, loss_total: 1.999(speaker:1.999,norm:0.000,loss_total:1.999), err:(err_spk:0.914), lr(e-3):[ 1.000], grad(e-3):(speaker:0.248,norm:0.000,total:0.248), noise(e-3):(mean:-0.234,std:0.145,m_abs:0.234)
epoch: 0001/0010 [00549/3551], mode:train, loss_total: 1.999(speaker:1.999,norm:0.000,loss_total:1.999), err:(err_spk:0.945), lr(e-3):[ 1.000], grad(e-3):(speaker:0.245,norm:0.000,total:0.245), noise(e-3):(mean:-0.316,std:0.251,m_abs:0.316)
epoch: 0001/0010 [00649/3551], mode:train, loss_total: 1.999(speaker:1.999,norm:0.000,loss_total:1.999), err:(err_spk:0.914), lr(e-3):[ 1.000], grad(e-3):(speaker:0.260,norm:0.000,total:0.260), noise(e-3):(mean:-0.099,std:0.077,m_abs:0.099)
epoch: 0001/0010 [00749/3551], mode:train, loss_total: 1.999(speaker:1.999,norm:0.000,loss_total:1.999), err:(err_spk:0.914), lr(e-3):[ 1.000], grad(e-3):(speaker:0.311,norm:0.000,total:0.311), noise(e-3):(mean:-0.000,std:0.000,m_abs:0.000)
epoch: 0001/0010 [00849/3551], mode:train, loss_total: 1.999(speaker:1.999,norm:0.000,loss_total:1.999), err:(err_spk:0.898), lr(e-3):[ 1.000], grad(e-3):(speaker:0.348,norm:0.000,total:0.348), noise(e-3):(mean:-0.005,std:0.007,m_abs:0.005)
epoch: 0001/0010 [00949/3551], mode:train, loss_total: 1.999(speaker:1.999,norm:0.000,loss_total:1.999), err:(err_spk:0.922), lr(e-3):[ 1.000], grad(e-3):(speaker:0.208,norm:0.000,total:0.208), noise(e-3):(mean:-0.245,std:0.221,m_abs:0.245)
epoch: 0001/0010 [01049/3551], mode:train, loss_total: 1.999(speaker:1.999,norm:0.000,loss_total:1.999), err:(err_spk:0.875), lr(e-3):[ 1.000], grad(e-3):(speaker:0.283,norm:0.000,total:0.283), noise(e-3):(mean:-0.111,std:0.077,m_abs:0.111)
epoch: 0001/0010 [01149/3551], mode:train, loss_total: 1.999(speaker:1.999,norm:0.000,loss_total:1.999), err:(err_spk:0.922), lr(e-3):[ 1.000], grad(e-3):(speaker:0.247,norm:0.000,total:0.247), noise(e-3):(mean:-0.182,std:0.117,m_abs:0.182)
epoch: 0001/0010 [01249/3551], mode:train, loss_total: 1.999(speaker:1.999,norm:0.000,loss_total:1.999), err:(err_spk:0.938), lr(e-3):[ 1.000], grad(e-3):(speaker:0.356,norm:0.000,total:0.356), noise(e-3):(mean:-0.221,std:0.201,m_abs:0.221)
epoch: 0001/0010 [01349/3551], mode:train, loss_total: 1.998(speaker:1.998,norm:0.000,loss_total:1.998), err:(err_spk:0.938), lr(e-3):[ 1.000], grad(e-3):(speaker:0.312,norm:0.000,total:0.312), noise(e-3):(mean:-0.295,std:0.254,m_abs:0.295)
epoch: 0001/0010 [01449/3551], mode:train, loss_total: 1.998(speaker:1.998,norm:0.000,loss_total:1.998), err:(err_spk:0.953), lr(e-3):[ 1.000], grad(e-3):(speaker:0.319,norm:0.000,total:0.319), noise(e-3):(mean:-0.088,std:0.074,m_abs:0.088)
epoch: 0001/0010 [01549/3551], mode:train, loss_total: 1.998(speaker:1.998,norm:0.000,loss_total:1.998), err:(err_spk:0.938), lr(e-3):[ 1.000], grad(e-3):(speaker:0.306,norm:0.000,total:0.306), noise(e-3):(mean:-0.157,std:0.109,m_abs:0.157)
epoch: 0001/0010 [01649/3551], mode:train, loss_total: 1.999(speaker:1.999,norm:0.000,loss_total:1.999), err:(err_spk:0.945), lr(e-3):[ 1.000], grad(e-3):(speaker:0.216,norm:0.000,total:0.216), noise(e-3):(mean:-0.228,std:0.163,m_abs:0.228)
epoch: 0001/0010 [01749/3551], mode:train, loss_total: 1.999(speaker:1.999,norm:0.000,loss_total:1.999), err:(err_spk:0.930), lr(e-3):[ 1.000], grad(e-3):(speaker:0.244,norm:0.000,total:0.244), noise(e-3):(mean:-0.410,std:0.381,m_abs:0.410)
epoch: 0001/0010 [01849/3551], mode:train, loss_total: 1.999(speaker:1.999,norm:0.000,loss_total:1.999), err:(err_spk:0.914), lr(e-3):[ 1.000], grad(e-3):(speaker:0.314,norm:0.000,total:0.314), noise(e-3):(mean:-0.161,std:0.113,m_abs:0.161)
epoch: 0001/0010 [01949/3551], mode:train, loss_total: 1.999(speaker:1.999,norm:0.000,loss_total:1.999), err:(err_spk:0.945), lr(e-3):[ 1.000], grad(e-3):(speaker:0.277,norm:0.000,total:0.277), noise(e-3):(mean:-0.044,std:0.038,m_abs:0.044)
epoch: 0001/0010 [02049/3551], mode:train, loss_total: 1.999(speaker:1.999,norm:0.000,loss_total:1.999), err:(err_spk:0.945), lr(e-3):[ 1.000], grad(e-3):(speaker:0.503,norm:0.000,total:0.503), noise(e-3):(mean:-0.062,std:0.091,m_abs:0.062)
epoch: 0001/0010 [02149/3551], mode:train, loss_total: 1.998(speaker:1.998,norm:0.000,loss_total:1.998), err:(err_spk:0.898), lr(e-3):[ 1.000], grad(e-3):(speaker:0.410,norm:0.000,total:0.410), noise(e-3):(mean:-0.068,std:0.065,m_abs:0.068)
epoch: 0001/0010 [02249/3551], mode:train, loss_total: 1.999(speaker:1.999,norm:0.000,loss_total:1.999), err:(err_spk:0.961), lr(e-3):[ 1.000], grad(e-3):(speaker:0.239,norm:0.000,total:0.239), noise(e-3):(mean:-0.252,std:0.164,m_abs:0.252)
epoch: 0001/0010 [02349/3551], mode:train, loss_total: 1.998(speaker:1.998,norm:0.000,loss_total:1.998), err:(err_spk:0.961), lr(e-3):[ 1.000], grad(e-3):(speaker:0.258,norm:0.000,total:0.258), noise(e-3):(mean:0.000,std:0.000,m_abs:0.000)
epoch: 0001/0010 [02449/3551], mode:train, loss_total: 1.999(speaker:1.999,norm:0.000,loss_total:1.999), err:(err_spk:0.891), lr(e-3):[ 1.000], grad(e-3):(speaker:0.283,norm:0.000,total:0.283), noise(e-3):(mean:-0.171,std:0.149,m_abs:0.171)
epoch: 0001/0010 [02549/3551], mode:train, loss_total: 1.999(speaker:1.999,norm:0.000,loss_total:1.999), err:(err_spk:0.961), lr(e-3):[ 1.000], grad(e-3):(speaker:0.256,norm:0.000,total:0.256), noise(e-3):(mean:-0.160,std:0.106,m_abs:0.160)
epoch: 0001/0010 [02649/3551], mode:train, loss_total: 1.999(speaker:1.999,norm:0.000,loss_total:1.999), err:(err_spk:0.922), lr(e-3):[ 1.000], grad(e-3):(speaker:0.261,norm:0.000,total:0.261), noise(e-3):(mean:-0.299,std:0.260,m_abs:0.299)
epoch: 0001/0010 [02749/3551], mode:train, loss_total: 1.998(speaker:1.998,norm:0.000,loss_total:1.998), err:(err_spk:0.930), lr(e-3):[ 1.000], grad(e-3):(speaker:0.375,norm:0.000,total:0.375), noise(e-3):(mean:-0.263,std:0.195,m_abs:0.263)
epoch: 0001/0010 [02849/3551], mode:train, loss_total: 1.999(speaker:1.999,norm:0.000,loss_total:1.999), err:(err_spk:0.891), lr(e-3):[ 1.000], grad(e-3):(speaker:0.256,norm:0.000,total:0.256), noise(e-3):(mean:-0.014,std:0.014,m_abs:0.014)
epoch: 0001/0010 [02949/3551], mode:train, loss_total: 1.999(speaker:1.999,norm:0.000,loss_total:1.999), err:(err_spk:0.930), lr(e-3):[ 1.000], grad(e-3):(speaker:0.289,norm:0.000,total:0.289), noise(e-3):(mean:-0.168,std:0.120,m_abs:0.168)
epoch: 0001/0010 [03049/3551], mode:train, loss_total: 1.999(speaker:1.999,norm:0.000,loss_total:1.999), err:(err_spk:0.891), lr(e-3):[ 1.000], grad(e-3):(speaker:0.275,norm:0.000,total:0.275), noise(e-3):(mean:-0.038,std:0.045,m_abs:0.038)
epoch: 0001/0010 [03149/3551], mode:train, loss_total: 1.999(speaker:1.999,norm:0.000,loss_total:1.999), err:(err_spk:0.875), lr(e-3):[ 1.000], grad(e-3):(speaker:0.273,norm:0.000,total:0.273), noise(e-3):(mean:-0.236,std:0.369,m_abs:0.236)
epoch: 0001/0010 [03249/3551], mode:train, loss_total: 1.999(speaker:1.999,norm:0.000,loss_total:1.999), err:(err_spk:0.938), lr(e-3):[ 1.000], grad(e-3):(speaker:0.389,norm:0.000,total:0.389), noise(e-3):(mean:-0.100,std:0.085,m_abs:0.100)
epoch: 0001/0010 [03349/3551], mode:train, loss_total: 1.998(speaker:1.998,norm:0.000,loss_total:1.998), err:(err_spk:0.930), lr(e-3):[ 1.000], grad(e-3):(speaker:0.407,norm:0.000,total:0.407), noise(e-3):(mean:-0.248,std:0.347,m_abs:0.248)
epoch: 0001/0010 [03449/3551], mode:train, loss_total: 1.999(speaker:1.999,norm:0.000,loss_total:1.999), err:(err_spk:0.883), lr(e-3):[ 1.000], grad(e-3):(speaker:0.298,norm:0.000,total:0.298), noise(e-3):(mean:-0.172,std:0.132,m_abs:0.172)
epoch: 0001/0010 [03549/3551], mode:train, loss_total: 1.999(speaker:1.999,norm:0.000,loss_total:1.999), err:(err_spk:0.922), lr(e-3):[ 1.000], grad(e-3):(speaker:1.048,norm:0.000,total:1.048), noise(e-3):(mean:-0.067,std:0.058,m_abs:0.067)
epoch: 0001 mode:train, 'speaker': 0.3313799801148204, 'norm': 0.00446917016223832, 'loss_total': 1.9988700401035473, 'err_spk': 0.9293333333286121, 'mean': -0.17716364843926619, 'std': 0.1535076722880831, 'm_abs': 0.1830516388328793, 'total': 0.3357927027514534
epoch: 0002/0010 [00098/3551], mode:train, loss_total: 1.999(speaker:1.999,norm:0.000,loss_total:1.999), err:(err_spk:0.898), lr(e-3):[ 1.000], grad(e-3):(speaker:0.301,norm:0.000,total:0.301), noise(e-3):(mean:-0.241,std:0.189,m_abs:0.241)
epoch: 0002/0010 [00198/3551], mode:train, loss_total: 1.999(speaker:1.999,norm:0.000,loss_total:1.999), err:(err_spk:0.898), lr(e-3):[ 1.000], grad(e-3):(speaker:0.277,norm:0.000,total:0.277), noise(e-3):(mean:-0.273,std:0.222,m_abs:0.273)
epoch: 0002/0010 [00298/3551], mode:train, loss_total: 1.999(speaker:1.999,norm:0.000,loss_total:1.999), err:(err_spk:0.906), lr(e-3):[ 1.000], grad(e-3):(speaker:0.260,norm:0.000,total:0.260), noise(e-3):(mean:-0.148,std:0.107,m_abs:0.148)
epoch: 0002/0010 [00398/3551], mode:train, loss_total: 1.999(speaker:1.999,norm:0.000,loss_total:1.999), err:(err_spk:0.945), lr(e-3):[ 1.000], grad(e-3):(speaker:0.364,norm:0.000,total:0.364), noise(e-3):(mean:-0.048,std:0.048,m_abs:0.048)
epoch: 0002/0010 [00498/3551], mode:train, loss_total: 1.999(speaker:1.999,norm:0.000,loss_total:1.999), err:(err_spk:0.922), lr(e-3):[ 1.000], grad(e-3):(speaker:0.347,norm:0.000,total:0.347), noise(e-3):(mean:-0.077,std:0.066,m_abs:0.077)
epoch: 0002/0010 [00598/3551], mode:train, loss_total: 1.999(speaker:1.999,norm:0.000,loss_total:1.999), err:(err_spk:0.930), lr(e-3):[ 1.000], grad(e-3):(speaker:0.363,norm:0.000,total:0.363), noise(e-3):(mean:-0.000,std:0.000,m_abs:0.000)
epoch: 0002/0010 [00698/3551], mode:train, loss_total: 1.998(speaker:1.998,norm:0.000,loss_total:1.998), err:(err_spk:0.961), lr(e-3):[ 1.000], grad(e-3):(speaker:0.313,norm:0.000,total:0.313), noise(e-3):(mean:-0.194,std:0.184,m_abs:0.194)
epoch: 0002/0010 [00798/3551], mode:train, loss_total: 1.999(speaker:1.999,norm:0.000,loss_total:1.999), err:(err_spk:0.938), lr(e-3):[ 1.000], grad(e-3):(speaker:0.250,norm:0.000,total:0.250), noise(e-3):(mean:-0.125,std:0.097,m_abs:0.125)
epoch: 0002/0010 [00898/3551], mode:train, loss_total: 1.998(speaker:1.998,norm:0.000,loss_total:1.998), err:(err_spk:0.906), lr(e-3):[ 1.000], grad(e-3):(speaker:0.282,norm:0.000,total:0.282), noise(e-3):(mean:-0.153,std:0.109,m_abs:0.153)
epoch: 0002/0010 [00998/3551], mode:train, loss_total: 1.999(speaker:1.999,norm:0.000,loss_total:1.999), err:(err_spk:0.969), lr(e-3):[ 1.000], grad(e-3):(speaker:0.252,norm:0.000,total:0.252), noise(e-3):(mean:-0.268,std:0.260,m_abs:0.268)
epoch: 0002/0010 [01098/3551], mode:train, loss_total: 1.998(speaker:1.998,norm:0.000,loss_total:1.998), err:(err_spk:0.914), lr(e-3):[ 1.000], grad(e-3):(speaker:0.400,norm:0.000,total:0.400), noise(e-3):(mean:-0.017,std:0.018,m_abs:0.017)
epoch: 0002/0010 [01198/3551], mode:train, loss_total: 1.999(speaker:1.999,norm:0.000,loss_total:1.999), err:(err_spk:0.977), lr(e-3):[ 1.000], grad(e-3):(speaker:0.306,norm:0.000,total:0.306), noise(e-3):(mean:-0.113,std:0.096,m_abs:0.113)
epoch: 0002/0010 [01298/3551], mode:train, loss_total: 1.999(speaker:1.999,norm:0.000,loss_total:1.999), err:(err_spk:0.969), lr(e-3):[ 1.000], grad(e-3):(speaker:0.358,norm:0.000,total:0.358), noise(e-3):(mean:-0.134,std:0.145,m_abs:0.134)
epoch: 0002/0010 [01398/3551], mode:train, loss_total: 1.999(speaker:1.999,norm:0.000,loss_total:1.999), err:(err_spk:0.922), lr(e-3):[ 1.000], grad(e-3):(speaker:0.260,norm:0.000,total:0.260), noise(e-3):(mean:-0.217,std:0.144,m_abs:0.217)
epoch: 0002/0010 [01498/3551], mode:train, loss_total: 1.999(speaker:1.999,norm:0.000,loss_total:1.999), err:(err_spk:0.938), lr(e-3):[ 1.000], grad(e-3):(speaker:0.317,norm:0.000,total:0.317), noise(e-3):(mean:-0.056,std:0.081,m_abs:0.056)
epoch: 0002/0010 [01598/3551], mode:train, loss_total: 1.999(speaker:1.999,norm:0.000,loss_total:1.999), err:(err_spk:0.953), lr(e-3):[ 1.000], grad(e-3):(speaker:0.389,norm:0.000,total:0.389), noise(e-3):(mean:-0.084,std:0.067,m_abs:0.084)
epoch: 0002/0010 [01698/3551], mode:train, loss_total: 1.998(speaker:1.998,norm:0.000,loss_total:1.998), err:(err_spk:0.938), lr(e-3):[ 1.000], grad(e-3):(speaker:0.290,norm:0.000,total:0.290), noise(e-3):(mean:-0.096,std:0.062,m_abs:0.096)
epoch: 0002/0010 [01798/3551], mode:train, loss_total: 1.999(speaker:1.999,norm:0.000,loss_total:1.999), err:(err_spk:0.914), lr(e-3):[ 1.000], grad(e-3):(speaker:1.045,norm:0.000,total:1.045), noise(e-3):(mean:-0.149,std:0.111,m_abs:0.149)
epoch: 0002/0010 [01898/3551], mode:train, loss_total: 1.999(speaker:1.999,norm:0.000,loss_total:1.999), err:(err_spk:0.914), lr(e-3):[ 1.000], grad(e-3):(speaker:0.298,norm:0.000,total:0.298), noise(e-3):(mean:-0.139,std:0.088,m_abs:0.139)
epoch: 0002/0010 [01998/3551], mode:train, loss_total: 1.999(speaker:1.999,norm:0.000,loss_total:1.999), err:(err_spk:0.945), lr(e-3):[ 1.000], grad(e-3):(speaker:0.316,norm:0.000,total:0.316), noise(e-3):(mean:-0.082,std:0.071,m_abs:0.082)
epoch: 0002/0010 [02098/3551], mode:train, loss_total: 1.999(speaker:1.999,norm:0.000,loss_total:1.999), err:(err_spk:0.930), lr(e-3):[ 1.000], grad(e-3):(speaker:0.330,norm:0.000,total:0.330), noise(e-3):(mean:-0.126,std:0.103,m_abs:0.126)
epoch: 0002/0010 [02198/3551], mode:train, loss_total: 1.998(speaker:1.998,norm:0.000,loss_total:1.998), err:(err_spk:0.922), lr(e-3):[ 1.000], grad(e-3):(speaker:0.336,norm:0.000,total:0.336), noise(e-3):(mean:-0.016,std:0.018,m_abs:0.016)
epoch: 0002/0010 [02298/3551], mode:train, loss_total: 1.999(speaker:1.999,norm:0.000,loss_total:1.999), err:(err_spk:0.898), lr(e-3):[ 1.000], grad(e-3):(speaker:0.265,norm:0.000,total:0.265), noise(e-3):(mean:-0.107,std:0.083,m_abs:0.107)
epoch: 0002/0010 [02398/3551], mode:train, loss_total: 1.998(speaker:1.998,norm:0.000,loss_total:1.998), err:(err_spk:0.961), lr(e-3):[ 1.000], grad(e-3):(speaker:0.325,norm:0.000,total:0.325), noise(e-3):(mean:-0.000,std:0.000,m_abs:0.000)
epoch: 0002/0010 [02498/3551], mode:train, loss_total: 1.999(speaker:1.999,norm:0.000,loss_total:1.999), err:(err_spk:0.938), lr(e-3):[ 1.000], grad(e-3):(speaker:0.359,norm:0.000,total:0.359), noise(e-3):(mean:-0.113,std:0.081,m_abs:0.113)
epoch: 0002/0010 [02598/3551], mode:train, loss_total: 1.998(speaker:1.998,norm:0.000,loss_total:1.998), err:(err_spk:0.953), lr(e-3):[ 1.000], grad(e-3):(speaker:0.306,norm:0.000,total:0.306), noise(e-3):(mean:-0.140,std:0.106,m_abs:0.140)
epoch: 0002/0010 [02698/3551], mode:train, loss_total: 1.998(speaker:1.998,norm:0.000,loss_total:1.998), err:(err_spk:0.961), lr(e-3):[ 1.000], grad(e-3):(speaker:0.381,norm:0.000,total:0.381), noise(e-3):(mean:-0.020,std:0.018,m_abs:0.020)
epoch: 0002/0010 [02798/3551], mode:train, loss_total: 1.999(speaker:1.999,norm:0.000,loss_total:1.999), err:(err_spk:0.930), lr(e-3):[ 1.000], grad(e-3):(speaker:0.344,norm:0.000,total:0.344), noise(e-3):(mean:-0.108,std:0.094,m_abs:0.108)
epoch: 0002/0010 [02898/3551], mode:train, loss_total: 1.999(speaker:1.999,norm:0.000,loss_total:1.999), err:(err_spk:0.938), lr(e-3):[ 1.000], grad(e-3):(speaker:0.578,norm:0.000,total:0.578), noise(e-3):(mean:-0.137,std:0.122,m_abs:0.137)
epoch: 0002/0010 [02998/3551], mode:train, loss_total: 1.998(speaker:1.998,norm:0.000,loss_total:1.998), err:(err_spk:0.938), lr(e-3):[ 1.000], grad(e-3):(speaker:0.251,norm:0.000,total:0.251), noise(e-3):(mean:-0.219,std:0.154,m_abs:0.219)
epoch: 0002/0010 [03098/3551], mode:train, loss_total: 1.998(speaker:1.998,norm:0.000,loss_total:1.998), err:(err_spk:0.945), lr(e-3):[ 1.000], grad(e-3):(speaker:0.284,norm:0.000,total:0.284), noise(e-3):(mean:0.000,std:0.000,m_abs:0.000)
epoch: 0002/0010 [03198/3551], mode:train, loss_total: 1.999(speaker:1.999,norm:0.000,loss_total:1.999), err:(err_spk:0.906), lr(e-3):[ 1.000], grad(e-3):(speaker:0.366,norm:0.000,total:0.366), noise(e-3):(mean:-0.023,std:0.030,m_abs:0.023)
epoch: 0002/0010 [03298/3551], mode:train, loss_total: 1.998(speaker:1.998,norm:0.000,loss_total:1.998), err:(err_spk:0.930), lr(e-3):[ 1.000], grad(e-3):(speaker:0.211,norm:0.000,total:0.211), noise(e-3):(mean:0.000,std:0.000,m_abs:0.000)
epoch: 0002/0010 [03398/3551], mode:train, loss_total: 1.999(speaker:1.999,norm:0.000,loss_total:1.999), err:(err_spk:0.961), lr(e-3):[ 1.000], grad(e-3):(speaker:0.238,norm:0.000,total:0.238), noise(e-3):(mean:0.000,std:0.000,m_abs:0.000)
epoch: 0002/0010 [03498/3551], mode:train, loss_total: 1.999(speaker:1.999,norm:0.000,loss_total:1.999), err:(err_spk:0.898), lr(e-3):[ 1.000], grad(e-3):(speaker:0.246,norm:0.000,total:0.246), noise(e-3):(mean:-0.021,std:0.022,m_abs:0.021)
epoch: 0002 mode:train, 'speaker': 0.33548869773604556, 'norm': 2.7561826377892554e-05, 'loss_total': 1.9986000601744363, 'err_spk': 0.9300440043978172, 'mean': -0.09510751505548981, 'std': 0.08023313385665666, 'm_abs': 0.09510751864553854, 'total': 0.335488717279549
epoch: 0003/0010 [00047/3551], mode:train, loss_total: 1.999(speaker:1.999,norm:0.000,loss_total:1.999), err:(err_spk:0.938), lr(e-3):[ 1.000], grad(e-3):(speaker:0.263,norm:0.000,total:0.263), noise(e-3):(mean:0.000,std:0.000,m_abs:0.000)
epoch: 0003/0010 [00147/3551], mode:train, loss_total: 1.998(speaker:1.998,norm:0.000,loss_total:1.998), err:(err_spk:0.969), lr(e-3):[ 1.000], grad(e-3):(speaker:0.319,norm:0.000,total:0.319), noise(e-3):(mean:-0.101,std:0.072,m_abs:0.101)
epoch: 0003/0010 [00247/3551], mode:train, loss_total: 1.999(speaker:1.999,norm:0.000,loss_total:1.999), err:(err_spk:0.938), lr(e-3):[ 1.000], grad(e-3):(speaker:0.258,norm:0.000,total:0.258), noise(e-3):(mean:-0.091,std:0.063,m_abs:0.091)
epoch: 0003/0010 [00347/3551], mode:train, loss_total: 1.999(speaker:1.999,norm:0.000,loss_total:1.999), err:(err_spk:0.914), lr(e-3):[ 1.000], grad(e-3):(speaker:0.297,norm:0.000,total:0.297), noise(e-3):(mean:-0.083,std:0.090,m_abs:0.083)
epoch: 0003/0010 [00447/3551], mode:train, loss_total: 1.999(speaker:1.999,norm:0.000,loss_total:1.999), err:(err_spk:0.898), lr(e-3):[ 1.000], grad(e-3):(speaker:0.342,norm:0.000,total:0.342), noise(e-3):(mean:-0.139,std:0.120,m_abs:0.139)
epoch: 0003/0010 [00547/3551], mode:train, loss_total: 1.998(speaker:1.998,norm:0.000,loss_total:1.998), err:(err_spk:0.922), lr(e-3):[ 1.000], grad(e-3):(speaker:0.304,norm:0.000,total:0.304), noise(e-3):(mean:-0.230,std:0.213,m_abs:0.230)
epoch: 0003/0010 [00647/3551], mode:train, loss_total: 1.998(speaker:1.998,norm:0.000,loss_total:1.998), err:(err_spk:0.938), lr(e-3):[ 1.000], grad(e-3):(speaker:0.197,norm:0.000,total:0.197), noise(e-3):(mean:-0.196,std:0.193,m_abs:0.196)
epoch: 0003/0010 [00747/3551], mode:train, loss_total: 1.999(speaker:1.999,norm:0.000,loss_total:1.999), err:(err_spk:0.953), lr(e-3):[ 1.000], grad(e-3):(speaker:0.316,norm:0.000,total:0.316), noise(e-3):(mean:-0.083,std:0.050,m_abs:0.083)
epoch: 0003/0010 [00847/3551], mode:train, loss_total: 1.999(speaker:1.999,norm:0.000,loss_total:1.999), err:(err_spk:0.938), lr(e-3):[ 1.000], grad(e-3):(speaker:0.336,norm:0.000,total:0.336), noise(e-3):(mean:-0.114,std:0.112,m_abs:0.114)
epoch: 0003/0010 [00947/3551], mode:train, loss_total: 1.999(speaker:1.999,norm:0.000,loss_total:1.999), err:(err_spk:0.922), lr(e-3):[ 1.000], grad(e-3):(speaker:0.325,norm:0.000,total:0.325), noise(e-3):(mean:-0.064,std:0.049,m_abs:0.064)
epoch: 0003/0010 [01047/3551], mode:train, loss_total: 1.999(speaker:1.999,norm:0.000,loss_total:1.999), err:(err_spk:0.930), lr(e-3):[ 1.000], grad(e-3):(speaker:0.272,norm:0.000,total:0.272), noise(e-3):(mean:0.004,std:0.008,m_abs:0.005)
epoch: 0003/0010 [01147/3551], mode:train, loss_total: 1.999(speaker:1.999,norm:0.000,loss_total:1.999), err:(err_spk:0.875), lr(e-3):[ 1.000], grad(e-3):(speaker:0.295,norm:0.000,total:0.295), noise(e-3):(mean:0.027,std:0.029,m_abs:0.027)
epoch: 0003/0010 [01247/3551], mode:train, loss_total: 1.999(speaker:1.999,norm:0.000,loss_total:1.999), err:(err_spk:0.930), lr(e-3):[ 1.000], grad(e-3):(speaker:0.420,norm:0.000,total:0.420), noise(e-3):(mean:0.024,std:0.019,m_abs:0.024)
epoch: 0003/0010 [01347/3551], mode:train, loss_total: 1.999(speaker:1.999,norm:0.000,loss_total:1.999), err:(err_spk:0.938), lr(e-3):[ 1.000], grad(e-3):(speaker:0.260,norm:0.000,total:0.260), noise(e-3):(mean:0.084,std:0.058,m_abs:0.084)
epoch: 0003/0010 [01447/3551], mode:train, loss_total: 1.998(speaker:1.998,norm:0.000,loss_total:1.998), err:(err_spk:0.906), lr(e-3):[ 1.000], grad(e-3):(speaker:0.324,norm:0.000,total:0.324), noise(e-3):(mean:0.077,std:0.057,m_abs:0.077)
epoch: 0003/0010 [01547/3551], mode:train, loss_total: 1.999(speaker:1.999,norm:0.000,loss_total:1.999), err:(err_spk:0.938), lr(e-3):[ 1.000], grad(e-3):(speaker:0.310,norm:0.000,total:0.310), noise(e-3):(mean:0.030,std:0.020,m_abs:0.030)
epoch: 0003/0010 [01647/3551], mode:train, loss_total: 1.999(speaker:1.999,norm:0.000,loss_total:1.999), err:(err_spk:0.922), lr(e-3):[ 1.000], grad(e-3):(speaker:0.349,norm:0.000,total:0.349), noise(e-3):(mean:0.034,std:0.036,m_abs:0.034)
epoch: 0003/0010 [01747/3551], mode:train, loss_total: 1.999(speaker:1.999,norm:0.000,loss_total:1.999), err:(err_spk:0.922), lr(e-3):[ 1.000], grad(e-3):(speaker:0.293,norm:0.000,total:0.293), noise(e-3):(mean:-0.096,std:0.075,m_abs:0.096)
epoch: 0003/0010 [01847/3551], mode:train, loss_total: 1.998(speaker:1.998,norm:0.000,loss_total:1.998), err:(err_spk:0.945), lr(e-3):[ 1.000], grad(e-3):(speaker:0.260,norm:0.000,total:0.260), noise(e-3):(mean:-0.098,std:0.078,m_abs:0.098)
epoch: 0003/0010 [01947/3551], mode:train, loss_total: 1.999(speaker:1.999,norm:0.000,loss_total:1.999), err:(err_spk:0.945), lr(e-3):[ 1.000], grad(e-3):(speaker:0.251,norm:0.000,total:0.251), noise(e-3):(mean:-0.081,std:0.072,m_abs:0.081)
epoch: 0003/0010 [02047/3551], mode:train, loss_total: 1.998(speaker:1.998,norm:0.000,loss_total:1.998), err:(err_spk:0.930), lr(e-3):[ 1.000], grad(e-3):(speaker:0.328,norm:0.000,total:0.328), noise(e-3):(mean:-0.101,std:0.096,m_abs:0.101)
epoch: 0003/0010 [02147/3551], mode:train, loss_total: 1.998(speaker:1.998,norm:0.000,loss_total:1.998), err:(err_spk:0.914), lr(e-3):[ 1.000], grad(e-3):(speaker:0.301,norm:0.000,total:0.301), noise(e-3):(mean:-0.039,std:0.028,m_abs:0.039)
epoch: 0003/0010 [02247/3551], mode:train, loss_total: 1.998(speaker:1.998,norm:0.000,loss_total:1.998), err:(err_spk:0.930), lr(e-3):[ 1.000], grad(e-3):(speaker:0.233,norm:0.000,total:0.233), noise(e-3):(mean:-0.060,std:0.054,m_abs:0.060)
epoch: 0003/0010 [02347/3551], mode:train, loss_total: 1.999(speaker:1.999,norm:0.000,loss_total:1.999), err:(err_spk:0.938), lr(e-3):[ 1.000], grad(e-3):(speaker:0.293,norm:0.000,total:0.293), noise(e-3):(mean:-0.025,std:0.017,m_abs:0.025)
epoch: 0003/0010 [02447/3551], mode:train, loss_total: 1.999(speaker:1.999,norm:0.000,loss_total:1.999), err:(err_spk:0.938), lr(e-3):[ 1.000], grad(e-3):(speaker:0.311,norm:0.000,total:0.311), noise(e-3):(mean:-0.002,std:0.002,m_abs:0.002)
epoch: 0003/0010 [02547/3551], mode:train, loss_total: 1.998(speaker:1.998,norm:0.000,loss_total:1.998), err:(err_spk:0.922), lr(e-3):[ 1.000], grad(e-3):(speaker:0.284,norm:0.000,total:0.284), noise(e-3):(mean:0.031,std:0.020,m_abs:0.031)
epoch: 0003/0010 [02647/3551], mode:train, loss_total: 1.998(speaker:1.998,norm:0.000,loss_total:1.998), err:(err_spk:0.945), lr(e-3):[ 1.000], grad(e-3):(speaker:0.274,norm:0.000,total:0.274), noise(e-3):(mean:0.107,std:0.081,m_abs:0.107)
epoch: 0003/0010 [02747/3551], mode:train, loss_total: 1.998(speaker:1.998,norm:0.000,loss_total:1.998), err:(err_spk:0.914), lr(e-3):[ 1.000], grad(e-3):(speaker:0.328,norm:0.000,total:0.328), noise(e-3):(mean:0.101,std:0.071,m_abs:0.101)
epoch: 0003/0010 [02847/3551], mode:train, loss_total: 1.998(speaker:1.998,norm:0.000,loss_total:1.998), err:(err_spk:0.953), lr(e-3):[ 1.000], grad(e-3):(speaker:0.303,norm:0.000,total:0.303), noise(e-3):(mean:0.039,std:0.040,m_abs:0.039)
epoch: 0003/0010 [02947/3551], mode:train, loss_total: 1.999(speaker:1.999,norm:0.000,loss_total:1.999), err:(err_spk:0.938), lr(e-3):[ 1.000], grad(e-3):(speaker:0.252,norm:0.000,total:0.252), noise(e-3):(mean:0.064,std:0.056,m_abs:0.064)
epoch: 0003/0010 [03047/3551], mode:train, loss_total: 1.999(speaker:1.999,norm:0.000,loss_total:1.999), err:(err_spk:0.961), lr(e-3):[ 1.000], grad(e-3):(speaker:0.280,norm:0.000,total:0.280), noise(e-3):(mean:-0.013,std:0.010,m_abs:0.013)
epoch: 0003/0010 [03147/3551], mode:train, loss_total: 1.999(speaker:1.999,norm:0.000,loss_total:1.999), err:(err_spk:0.898), lr(e-3):[ 1.000], grad(e-3):(speaker:0.281,norm:0.000,total:0.281), noise(e-3):(mean:-0.030,std:0.028,m_abs:0.030)
epoch: 0003/0010 [03247/3551], mode:train, loss_total: 1.999(speaker:1.999,norm:0.000,loss_total:1.999), err:(err_spk:0.914), lr(e-3):[ 1.000], grad(e-3):(speaker:0.260,norm:0.000,total:0.260), noise(e-3):(mean:-0.036,std:0.027,m_abs:0.036)
epoch: 0003/0010 [03347/3551], mode:train, loss_total: 1.998(speaker:1.998,norm:0.000,loss_total:1.998), err:(err_spk:0.914), lr(e-3):[ 1.000], grad(e-3):(speaker:0.313,norm:0.000,total:0.313), noise(e-3):(mean:-0.084,std:0.079,m_abs:0.084)
epoch: 0003/0010 [03447/3551], mode:train, loss_total: 1.999(speaker:1.999,norm:0.000,loss_total:1.999), err:(err_spk:0.938), lr(e-3):[ 1.000], grad(e-3):(speaker:0.335,norm:0.000,total:0.335), noise(e-3):(mean:-0.143,std:0.143,m_abs:0.143)
epoch: 0003/0010 [03547/3551], mode:train, loss_total: 1.999(speaker:1.999,norm:0.000,loss_total:1.999), err:(err_spk:0.953), lr(e-3):[ 1.000], grad(e-3):(speaker:0.247,norm:0.000,total:0.247), noise(e-3):(mean:0.095,std:0.068,m_abs:0.095)
epoch: 0003 mode:train, 'speaker': 0.3456522329024094, 'norm': 2.019193384422263e-05, 'loss_total': 1.998601459447569, 'err_spk': 0.9302068206726258, 'mean': -0.029259843871378144, 'std': 0.0577131796893064, 'm_abs': 0.06855654627653661, 'total': 0.3456522462386371
epoch: 0003/0010 [00093/907], mode:eval , loss: 1.999(speaker:1.999,norm:0.000,loss_total:1.999), err:(err_spk:0.914), noise(e-3):(mean:0.077,std:0.060,m_abs:0.077)
epoch: 0003/0010 [00193/907], mode:eval , loss: 1.998(speaker:1.998,norm:0.000,loss_total:1.998), err:(err_spk:0.938), noise(e-3):(mean:0.064,std:0.050,m_abs:0.064)
epoch: 0003/0010 [00293/907], mode:eval , loss: 1.998(speaker:1.998,norm:0.000,loss_total:1.998), err:(err_spk:0.930), noise(e-3):(mean:0.083,std:0.092,m_abs:0.083)
epoch: 0003/0010 [00393/907], mode:eval , loss: 1.999(speaker:1.999,norm:0.000,loss_total:1.999), err:(err_spk:0.930), noise(e-3):(mean:0.073,std:0.067,m_abs:0.073)
epoch: 0003/0010 [00493/907], mode:eval , loss: 1.998(speaker:1.998,norm:0.000,loss_total:1.998), err:(err_spk:0.922), noise(e-3):(mean:0.068,std:0.045,m_abs:0.068)
epoch: 0003/0010 [00593/907], mode:eval , loss: 1.998(speaker:1.998,norm:0.000,loss_total:1.998), err:(err_spk:0.953), noise(e-3):(mean:0.061,std:0.041,m_abs:0.061)
epoch: 0003/0010 [00693/907], mode:eval , loss: 1.998(speaker:1.998,norm:0.000,loss_total:1.998), err:(err_spk:0.914), noise(e-3):(mean:0.072,std:0.057,m_abs:0.072)
epoch: 0003/0010 [00793/907], mode:eval , loss: 1.999(speaker:1.999,norm:0.000,loss_total:1.999), err:(err_spk:0.914), noise(e-3):(mean:0.073,std:0.063,m_abs:0.073)
epoch: 0003/0010 [00893/907], mode:eval , loss: 1.998(speaker:1.998,norm:0.000,loss_total:1.998), err:(err_spk:0.930), noise(e-3):(mean:0.073,std:0.056,m_abs:0.073)
epoch: 0003 mode: eval, 'speaker': 1.9985972904336864, 'norm': 9.234047452317664e-08, 'loss_total': 1.9985974062229026, 'err_spk': 0.9308362068965518, 'mean': 0.07227326069701591, 'std': 0.061623092682566494, 'm_abs': 0.0722732606970159
EvalHook: best accu: 0.932, is_best: False
epoch: 0004/0010 [00096/3551], mode:train, loss_total: 1.999(speaker:1.999,norm:0.000,loss_total:1.999), err:(err_spk:0.938), lr(e-3):[ 1.000], grad(e-3):(speaker:0.254,norm:0.000,total:0.254), noise(e-3):(mean:0.138,std:0.107,m_abs:0.138)
epoch: 0004/0010 [00196/3551], mode:train, loss_total: 1.999(speaker:1.999,norm:0.000,loss_total:1.999), err:(err_spk:0.883), lr(e-3):[ 1.000], grad(e-3):(speaker:1.180,norm:0.000,total:1.180), noise(e-3):(mean:0.088,std:0.074,m_abs:0.088)
epoch: 0004/0010 [00296/3551], mode:train, loss_total: 1.998(speaker:1.998,norm:0.000,loss_total:1.998), err:(err_spk:0.914), lr(e-3):[ 1.000], grad(e-3):(speaker:0.331,norm:0.000,total:0.331), noise(e-3):(mean:-0.198,std:0.192,m_abs:0.198)
epoch: 0004/0010 [00396/3551], mode:train, loss_total: 1.999(speaker:1.999,norm:0.000,loss_total:1.999), err:(err_spk:0.961), lr(e-3):[ 1.000], grad(e-3):(speaker:0.284,norm:0.000,total:0.284), noise(e-3):(mean:-0.069,std:0.069,m_abs:0.069)
epoch: 0004/0010 [00496/3551], mode:train, loss_total: 1.999(speaker:1.999,norm:0.000,loss_total:1.999), err:(err_spk:0.922), lr(e-3):[ 1.000], grad(e-3):(speaker:0.261,norm:0.000,total:0.261), noise(e-3):(mean:0.104,std:0.088,m_abs:0.104)
epoch: 0004/0010 [00596/3551], mode:train, loss_total: 1.998(speaker:1.998,norm:0.000,loss_total:1.998), err:(err_spk:0.953), lr(e-3):[ 1.000], grad(e-3):(speaker:0.276,norm:0.000,total:0.276), noise(e-3):(mean:0.071,std:0.064,m_abs:0.071)
epoch: 0004/0010 [00696/3551], mode:train, loss_total: 1.998(speaker:1.998,norm:0.000,loss_total:1.998), err:(err_spk:0.969), lr(e-3):[ 1.000], grad(e-3):(speaker:0.219,norm:0.000,total:0.219), noise(e-3):(mean:-0.006,std:0.004,m_abs:0.006)
epoch: 0004/0010 [00796/3551], mode:train, loss_total: 1.999(speaker:1.999,norm:0.000,loss_total:1.999), err:(err_spk:0.867), lr(e-3):[ 1.000], grad(e-3):(speaker:0.355,norm:0.000,total:0.355), noise(e-3):(mean:0.179,std:0.127,m_abs:0.179)
epoch: 0004/0010 [00896/3551], mode:train, loss_total: 1.999(speaker:1.999,norm:0.000,loss_total:1.999), err:(err_spk:0.938), lr(e-3):[ 1.000], grad(e-3):(speaker:0.252,norm:0.000,total:0.252), noise(e-3):(mean:0.050,std:0.056,m_abs:0.050)
epoch: 0004/0010 [00996/3551], mode:train, loss_total: 1.999(speaker:1.999,norm:0.000,loss_total:1.999), err:(err_spk:0.914), lr(e-3):[ 1.000], grad(e-3):(speaker:0.301,norm:0.000,total:0.301), noise(e-3):(mean:0.060,std:0.041,m_abs:0.060)
epoch: 0004/0010 [01096/3551], mode:train, loss_total: 1.998(speaker:1.998,norm:0.000,loss_total:1.998), err:(err_spk:0.930), lr(e-3):[ 1.000], grad(e-3):(speaker:0.308,norm:0.000,total:0.308), noise(e-3):(mean:0.059,std:0.096,m_abs:0.059)
epoch: 0004/0010 [01196/3551], mode:train, loss_total: 1.999(speaker:1.999,norm:0.000,loss_total:1.999), err:(err_spk:0.930), lr(e-3):[ 1.000], grad(e-3):(speaker:0.514,norm:0.000,total:0.514), noise(e-3):(mean:0.000,std:0.000,m_abs:0.000)
epoch: 0004/0010 [01296/3551], mode:train, loss_total: 1.999(speaker:1.999,norm:0.000,loss_total:1.999), err:(err_spk:0.945), lr(e-3):[ 1.000], grad(e-3):(speaker:0.284,norm:0.000,total:0.284), noise(e-3):(mean:-0.000,std:0.000,m_abs:0.000)
epoch: 0004/0010 [01396/3551], mode:train, loss_total: 1.999(speaker:1.999,norm:0.000,loss_total:1.999), err:(err_spk:0.945), lr(e-3):[ 1.000], grad(e-3):(speaker:0.289,norm:0.000,total:0.289), noise(e-3):(mean:0.000,std:0.000,m_abs:0.000)
epoch: 0004/0010 [01496/3551], mode:train, loss_total: 1.999(speaker:1.999,norm:0.000,loss_total:1.999), err:(err_spk:0.930), lr(e-3):[ 1.000], grad(e-3):(speaker:0.290,norm:0.000,total:0.290), noise(e-3):(mean:0.000,std:0.000,m_abs:0.000)
epoch: 0004/0010 [01596/3551], mode:train, loss_total: 1.999(speaker:1.999,norm:0.000,loss_total:1.999), err:(err_spk:0.914), lr(e-3):[ 1.000], grad(e-3):(speaker:0.194,norm:0.000,total:0.194), noise(e-3):(mean:0.000,std:0.000,m_abs:0.000)
epoch: 0004/0010 [01696/3551], mode:train, loss_total: 1.999(speaker:1.999,norm:0.000,loss_total:1.999), err:(err_spk:0.922), lr(e-3):[ 1.000], grad(e-3):(speaker:0.233,norm:0.000,total:0.233), noise(e-3):(mean:0.000,std:0.000,m_abs:0.000)
epoch: 0004/0010 [01796/3551], mode:train, loss_total: 1.999(speaker:1.999,norm:0.000,loss_total:1.999), err:(err_spk:0.930), lr(e-3):[ 1.000], grad(e-3):(speaker:0.261,norm:0.000,total:0.261), noise(e-3):(mean:0.000,std:0.000,m_abs:0.000)
epoch: 0004/0010 [01896/3551], mode:train, loss_total: 1.999(speaker:1.999,norm:0.000,loss_total:1.999), err:(err_spk:0.945), lr(e-3):[ 1.000], grad(e-3):(speaker:0.331,norm:0.000,total:0.331), noise(e-3):(mean:0.000,std:0.000,m_abs:0.000)
epoch: 0004/0010 [01996/3551], mode:train, loss_total: 1.999(speaker:1.999,norm:0.000,loss_total:1.999), err:(err_spk:0.922), lr(e-3):[ 1.000], grad(e-3):(speaker:0.307,norm:0.000,total:0.307), noise(e-3):(mean:0.000,std:0.000,m_abs:0.000)
epoch: 0004/0010 [02096/3551], mode:train, loss_total: 1.999(speaker:1.999,norm:0.000,loss_total:1.999), err:(err_spk:0.953), lr(e-3):[ 1.000], grad(e-3):(speaker:0.311,norm:0.000,total:0.311), noise(e-3):(mean:0.000,std:0.000,m_abs:0.000)
epoch: 0004/0010 [02196/3551], mode:train, loss_total: 1.999(speaker:1.999,norm:0.000,loss_total:1.999), err:(err_spk:0.977), lr(e-3):[ 1.000], grad(e-3):(speaker:0.334,norm:0.000,total:0.334), noise(e-3):(mean:0.000,std:0.000,m_abs:0.000)
epoch: 0004/0010 [02296/3551], mode:train, loss_total: 1.999(speaker:1.999,norm:0.000,loss_total:1.999), err:(err_spk:0.961), lr(e-3):[ 1.000], grad(e-3):(speaker:0.305,norm:0.000,total:0.305), noise(e-3):(mean:0.000,std:0.000,m_abs:0.000)
epoch: 0004/0010 [02396/3551], mode:train, loss_total: 1.998(speaker:1.998,norm:0.000,loss_total:1.998), err:(err_spk:0.906), lr(e-3):[ 1.000], grad(e-3):(speaker:0.270,norm:0.000,total:0.270), noise(e-3):(mean:0.000,std:0.000,m_abs:0.000)
epoch: 0004/0010 [02496/3551], mode:train, loss_total: 1.999(speaker:1.999,norm:0.000,loss_total:1.999), err:(err_spk:0.961), lr(e-3):[ 1.000], grad(e-3):(speaker:0.315,norm:0.000,total:0.315), noise(e-3):(mean:0.000,std:0.000,m_abs:0.000)
epoch: 0004/0010 [02596/3551], mode:train, loss_total: 1.999(speaker:1.999,norm:0.000,loss_total:1.999), err:(err_spk:0.945), lr(e-3):[ 1.000], grad(e-3):(speaker:0.262,norm:0.000,total:0.262), noise(e-3):(mean:0.000,std:0.000,m_abs:0.000)
epoch: 0004/0010 [02696/3551], mode:train, loss_total: 1.999(speaker:1.999,norm:0.000,loss_total:1.999), err:(err_spk:0.930), lr(e-3):[ 1.000], grad(e-3):(speaker:0.283,norm:0.000,total:0.283), noise(e-3):(mean:0.000,std:0.000,m_abs:0.000)
epoch: 0004/0010 [02796/3551], mode:train, loss_total: 1.998(speaker:1.998,norm:0.000,loss_total:1.998), err:(err_spk:0.922), lr(e-3):[ 1.000], grad(e-3):(speaker:0.373,norm:0.000,total:0.373), noise(e-3):(mean:0.000,std:0.000,m_abs:0.000)
epoch: 0004/0010 [02896/3551], mode:train, loss_total: 1.999(speaker:1.999,norm:0.000,loss_total:1.999), err:(err_spk:0.977), lr(e-3):[ 1.000], grad(e-3):(speaker:0.239,norm:0.000,total:0.239), noise(e-3):(mean:0.000,std:0.000,m_abs:0.000)
epoch: 0004/0010 [02996/3551], mode:train, loss_total: 1.999(speaker:1.999,norm:0.000,loss_total:1.999), err:(err_spk:0.930), lr(e-3):[ 1.000], grad(e-3):(speaker:0.251,norm:0.000,total:0.251), noise(e-3):(mean:0.000,std:0.000,m_abs:0.000)
epoch: 0004/0010 [03096/3551], mode:train, loss_total: 1.999(speaker:1.999,norm:0.000,loss_total:1.999), err:(err_spk:0.922), lr(e-3):[ 1.000], grad(e-3):(speaker:0.300,norm:0.000,total:0.300), noise(e-3):(mean:0.000,std:0.000,m_abs:0.000)
epoch: 0004/0010 [03196/3551], mode:train, loss_total: 1.999(speaker:1.999,norm:0.000,loss_total:1.999), err:(err_spk:0.953), lr(e-3):[ 1.000], grad(e-3):(speaker:0.296,norm:0.000,total:0.296), noise(e-3):(mean:0.000,std:0.000,m_abs:0.000)
epoch: 0004/0010 [03296/3551], mode:train, loss_total: 1.999(speaker:1.999,norm:0.000,loss_total:1.999), err:(err_spk:0.961), lr(e-3):[ 1.000], grad(e-3):(speaker:0.259,norm:0.000,total:0.259), noise(e-3):(mean:0.000,std:0.000,m_abs:0.000)
epoch: 0004/0010 [03396/3551], mode:train, loss_total: 1.999(speaker:1.999,norm:0.000,loss_total:1.999), err:(err_spk:0.945), lr(e-3):[ 1.000], grad(e-3):(speaker:0.416,norm:0.000,total:0.416), noise(e-3):(mean:0.003,std:0.026,m_abs:0.003)
epoch: 0004/0010 [03496/3551], mode:train, loss_total: 1.998(speaker:1.998,norm:0.000,loss_total:1.998), err:(err_spk:0.945), lr(e-3):[ 1.000], grad(e-3):(speaker:0.262,norm:0.000,total:0.262), noise(e-3):(mean:0.000,std:0.000,m_abs:0.000)
epoch: 0004 mode:train, 'speaker': 0.31225875129059727, 'norm': 0.006528952169192598, 'loss_total': 1.9990371465294798, 'err_spk': 0.9292255225470095, 'mean': 0.014723317506922717, 'std': 0.029182512995667077, 'm_abs': 0.030243654037061248, 'total': 0.318775561750787
epoch: 0005/0010 [00045/3551], mode:train, loss_total: 1.999(speaker:1.999,norm:0.000,loss_total:1.999), err:(err_spk:0.953), lr(e-3):[ 1.000], grad(e-3):(speaker:0.240,norm:0.000,total:0.240), noise(e-3):(mean:0.000,std:0.000,m_abs:0.000)
epoch: 0005/0010 [00145/3551], mode:train, loss_total: 1.998(speaker:1.998,norm:0.000,loss_total:1.998), err:(err_spk:0.953), lr(e-3):[ 1.000], grad(e-3):(speaker:0.361,norm:0.000,total:0.361), noise(e-3):(mean:0.000,std:0.000,m_abs:0.000)
epoch: 0005/0010 [00245/3551], mode:train, loss_total: 1.999(speaker:1.999,norm:0.000,loss_total:1.999), err:(err_spk:0.961), lr(e-3):[ 1.000], grad(e-3):(speaker:0.319,norm:0.000,total:0.319), noise(e-3):(mean:0.000,std:0.000,m_abs:0.000)
epoch: 0005/0010 [00345/3551], mode:train, loss_total: 1.998(speaker:1.998,norm:0.000,loss_total:1.998), err:(err_spk:0.953), lr(e-3):[ 1.000], grad(e-3):(speaker:0.334,norm:0.000,total:0.334), noise(e-3):(mean:0.000,std:0.000,m_abs:0.000)
epoch: 0005/0010 [00445/3551], mode:train, loss_total: 1.998(speaker:1.998,norm:0.000,loss_total:1.998), err:(err_spk:0.945), lr(e-3):[ 1.000], grad(e-3):(speaker:0.286,norm:0.000,total:0.286), noise(e-3):(mean:-0.056,std:0.054,m_abs:0.056)
epoch: 0005/0010 [00545/3551], mode:train, loss_total: 1.999(speaker:1.999,norm:0.000,loss_total:1.999), err:(err_spk:0.906), lr(e-3):[ 1.000], grad(e-3):(speaker:0.234,norm:0.000,total:0.234), noise(e-3):(mean:-0.032,std:0.037,m_abs:0.032)
epoch: 0005/0010 [00645/3551], mode:train, loss_total: 1.998(speaker:1.998,norm:0.000,loss_total:1.998), err:(err_spk:0.961), lr(e-3):[ 1.000], grad(e-3):(speaker:0.272,norm:0.000,total:0.272), noise(e-3):(mean:0.000,std:0.000,m_abs:0.000)
epoch: 0005/0010 [00745/3551], mode:train, loss_total: 1.999(speaker:1.999,norm:0.000,loss_total:1.999), err:(err_spk:0.898), lr(e-3):[ 1.000], grad(e-3):(speaker:0.344,norm:0.000,total:0.344), noise(e-3):(mean:0.000,std:0.000,m_abs:0.000)
epoch: 0005/0010 [00845/3551], mode:train, loss_total: 1.999(speaker:1.999,norm:0.000,loss_total:1.999), err:(err_spk:0.945), lr(e-3):[ 1.000], grad(e-3):(speaker:0.375,norm:0.000,total:0.375), noise(e-3):(mean:0.000,std:0.000,m_abs:0.000)
epoch: 0005/0010 [00945/3551], mode:train, loss_total: 1.999(speaker:1.999,norm:0.000,loss_total:1.999), err:(err_spk:0.922), lr(e-3):[ 1.000], grad(e-3):(speaker:0.284,norm:0.000,total:0.284), noise(e-3):(mean:0.000,std:0.000,m_abs:0.000)
epoch: 0005/0010 [01045/3551], mode:train, loss_total: 1.999(speaker:1.999,norm:0.000,loss_total:1.999), err:(err_spk:0.906), lr(e-3):[ 1.000], grad(e-3):(speaker:0.299,norm:0.000,total:0.299), noise(e-3):(mean:0.000,std:0.000,m_abs:0.000)
epoch: 0005/0010 [01145/3551], mode:train, loss_total: 1.999(speaker:1.999,norm:0.000,loss_total:1.999), err:(err_spk:0.930), lr(e-3):[ 1.000], grad(e-3):(speaker:0.323,norm:0.000,total:0.323), noise(e-3):(mean:0.000,std:0.000,m_abs:0.000)
epoch: 0005/0010 [01245/3551], mode:train, loss_total: 1.999(speaker:1.999,norm:0.000,loss_total:1.999), err:(err_spk:0.914), lr(e-3):[ 1.000], grad(e-3):(speaker:0.271,norm:0.000,total:0.271), noise(e-3):(mean:0.000,std:0.000,m_abs:0.000)
epoch: 0005/0010 [01345/3551], mode:train, loss_total: 1.999(speaker:1.999,norm:0.000,loss_total:1.999), err:(err_spk:0.922), lr(e-3):[ 1.000], grad(e-3):(speaker:0.259,norm:0.000,total:0.259), noise(e-3):(mean:0.000,std:0.000,m_abs:0.000)
epoch: 0005/0010 [01445/3551], mode:train, loss_total: 1.999(speaker:1.999,norm:0.000,loss_total:1.999), err:(err_spk:0.930), lr(e-3):[ 1.000], grad(e-3):(speaker:0.302,norm:0.000,total:0.302), noise(e-3):(mean:0.000,std:0.000,m_abs:0.000)
epoch: 0005/0010 [01545/3551], mode:train, loss_total: 1.998(speaker:1.998,norm:0.000,loss_total:1.998), err:(err_spk:0.953), lr(e-3):[ 1.000], grad(e-3):(speaker:0.233,norm:0.000,total:0.233), noise(e-3):(mean:0.000,std:0.000,m_abs:0.000)
epoch: 0005/0010 [01645/3551], mode:train, loss_total: 1.998(speaker:1.998,norm:0.000,loss_total:1.998), err:(err_spk:0.922), lr(e-3):[ 1.000], grad(e-3):(speaker:0.250,norm:0.000,total:0.250), noise(e-3):(mean:0.000,std:0.000,m_abs:0.000)
epoch: 0005/0010 [01745/3551], mode:train, loss_total: 1.999(speaker:1.999,norm:0.000,loss_total:1.999), err:(err_spk:0.898), lr(e-3):[ 1.000], grad(e-3):(speaker:0.275,norm:0.000,total:0.275), noise(e-3):(mean:0.000,std:0.000,m_abs:0.000)
epoch: 0005/0010 [01845/3551], mode:train, loss_total: 1.999(speaker:1.999,norm:0.000,loss_total:1.999), err:(err_spk:0.883), lr(e-3):[ 1.000], grad(e-3):(speaker:0.386,norm:0.000,total:0.386), noise(e-3):(mean:0.000,std:0.000,m_abs:0.000)
epoch: 0005/0010 [01945/3551], mode:train, loss_total: 1.998(speaker:1.998,norm:0.000,loss_total:1.998), err:(err_spk:0.922), lr(e-3):[ 1.000], grad(e-3):(speaker:0.360,norm:0.000,total:0.360), noise(e-3):(mean:0.000,std:0.000,m_abs:0.000)
epoch: 0005/0010 [02045/3551], mode:train, loss_total: 1.998(speaker:1.998,norm:0.000,loss_total:1.998), err:(err_spk:0.945), lr(e-3):[ 1.000], grad(e-3):(speaker:0.345,norm:0.000,total:0.345), noise(e-3):(mean:0.000,std:0.000,m_abs:0.000)
epoch: 0005/0010 [02145/3551], mode:train, loss_total: 1.998(speaker:1.998,norm:0.000,loss_total:1.998), err:(err_spk:0.930), lr(e-3):[ 1.000], grad(e-3):(speaker:0.330,norm:0.000,total:0.330), noise(e-3):(mean:0.000,std:0.000,m_abs:0.000)
epoch: 0005/0010 [02245/3551], mode:train, loss_total: 1.999(speaker:1.999,norm:0.000,loss_total:1.999), err:(err_spk:0.914), lr(e-3):[ 1.000], grad(e-3):(speaker:0.341,norm:0.000,total:0.341), noise(e-3):(mean:0.000,std:0.000,m_abs:0.000)
epoch: 0005/0010 [02345/3551], mode:train, loss_total: 1.999(speaker:1.999,norm:0.000,loss_total:1.999), err:(err_spk:0.922), lr(e-3):[ 1.000], grad(e-3):(speaker:0.242,norm:0.000,total:0.242), noise(e-3):(mean:0.000,std:0.000,m_abs:0.000)
epoch: 0005/0010 [02445/3551], mode:train, loss_total: 1.998(speaker:1.998,norm:0.000,loss_total:1.998), err:(err_spk:0.961), lr(e-3):[ 1.000], grad(e-3):(speaker:0.288,norm:0.000,total:0.288), noise(e-3):(mean:0.000,std:0.000,m_abs:0.000)
epoch: 0005/0010 [02545/3551], mode:train, loss_total: 1.998(speaker:1.998,norm:0.000,loss_total:1.998), err:(err_spk:0.953), lr(e-3):[ 1.000], grad(e-3):(speaker:0.254,norm:0.000,total:0.254), noise(e-3):(mean:0.000,std:0.000,m_abs:0.000)
epoch: 0005/0010 [02645/3551], mode:train, loss_total: 1.999(speaker:1.999,norm:0.000,loss_total:1.999), err:(err_spk:0.938), lr(e-3):[ 1.000], grad(e-3):(speaker:0.333,norm:0.000,total:0.333), noise(e-3):(mean:0.000,std:0.000,m_abs:0.000)
epoch: 0005/0010 [02745/3551], mode:train, loss_total: 1.999(speaker:1.999,norm:0.000,loss_total:1.999), err:(err_spk:0.938), lr(e-3):[ 1.000], grad(e-3):(speaker:0.245,norm:0.000,total:0.245), noise(e-3):(mean:0.000,std:0.000,m_abs:0.000)
epoch: 0005/0010 [02845/3551], mode:train, loss_total: 1.999(speaker:1.999,norm:0.000,loss_total:1.999), err:(err_spk:0.953), lr(e-3):[ 1.000], grad(e-3):(speaker:0.281,norm:0.000,total:0.281), noise(e-3):(mean:0.000,std:0.000,m_abs:0.000)
epoch: 0005/0010 [02945/3551], mode:train, loss_total: 1.999(speaker:1.999,norm:0.000,loss_total:1.999), err:(err_spk:0.930), lr(e-3):[ 1.000], grad(e-3):(speaker:0.276,norm:0.000,total:0.276), noise(e-3):(mean:0.000,std:0.000,m_abs:0.000)
epoch: 0005/0010 [03045/3551], mode:train, loss_total: 1.999(speaker:1.999,norm:0.000,loss_total:1.999), err:(err_spk:0.938), lr(e-3):[ 1.000], grad(e-3):(speaker:0.325,norm:0.000,total:0.325), noise(e-3):(mean:0.000,std:0.000,m_abs:0.000)
epoch: 0005/0010 [03145/3551], mode:train, loss_total: 1.999(speaker:1.999,norm:0.000,loss_total:1.999), err:(err_spk:0.938), lr(e-3):[ 1.000], grad(e-3):(speaker:0.270,norm:0.000,total:0.270), noise(e-3):(mean:0.000,std:0.000,m_abs:0.000)
epoch: 0005/0010 [03245/3551], mode:train, loss_total: 1.999(speaker:1.999,norm:0.000,loss_total:1.999), err:(err_spk:0.922), lr(e-3):[ 1.000], grad(e-3):(speaker:0.319,norm:0.000,total:0.319), noise(e-3):(mean:0.000,std:0.000,m_abs:0.000)
epoch: 0005/0010 [03345/3551], mode:train, loss_total: 1.999(speaker:1.999,norm:0.000,loss_total:1.999), err:(err_spk:0.945), lr(e-3):[ 1.000], grad(e-3):(speaker:0.420,norm:0.000,total:0.420), noise(e-3):(mean:0.000,std:0.000,m_abs:0.000)
epoch: 0005/0010 [03445/3551], mode:train, loss_total: 1.998(speaker:1.998,norm:0.000,loss_total:1.998), err:(err_spk:0.898), lr(e-3):[ 1.000], grad(e-3):(speaker:0.310,norm:0.000,total:0.310), noise(e-3):(mean:0.000,std:0.000,m_abs:0.000)
epoch: 0005/0010 [03545/3551], mode:train, loss_total: 1.999(speaker:1.999,norm:0.000,loss_total:1.999), err:(err_spk:0.914), lr(e-3):[ 1.000], grad(e-3):(speaker:0.234,norm:0.000,total:0.234), noise(e-3):(mean:0.000,std:0.000,m_abs:0.000)
epoch: 0005 mode:train, 'speaker': 0.30034411399697575, 'norm': 5.822080269251238e-07, 'loss_total': 1.998596640923629, 'err_spk': 0.9302860286023357, 'mean': -0.001881749442984956, 'std': 0.002277539579286931, 'm_abs': 0.002063225392356908, 'total': 0.3003441144334207
epoch: 0006/0010 [00094/3551], mode:train, loss_total: 1.999(speaker:1.999,norm:0.000,loss_total:1.999), err:(err_spk:0.945), lr(e-3):[ 1.000], grad(e-3):(speaker:0.240,norm:0.000,total:0.240), noise(e-3):(mean:0.000,std:0.000,m_abs:0.000)
epoch: 0006/0010 [00194/3551], mode:train, loss_total: 1.998(speaker:1.998,norm:0.000,loss_total:1.998), err:(err_spk:0.938), lr(e-3):[ 1.000], grad(e-3):(speaker:0.269,norm:0.000,total:0.269), noise(e-3):(mean:0.000,std:0.000,m_abs:0.000)
epoch: 0006/0010 [00294/3551], mode:train, loss_total: 1.999(speaker:1.999,norm:0.000,loss_total:1.999), err:(err_spk:0.906), lr(e-3):[ 1.000], grad(e-3):(speaker:0.307,norm:0.000,total:0.307), noise(e-3):(mean:0.000,std:0.000,m_abs:0.000)
epoch: 0006/0010 [00394/3551], mode:train, loss_total: 1.999(speaker:1.999,norm:0.000,loss_total:1.999), err:(err_spk:0.922), lr(e-3):[ 1.000], grad(e-3):(speaker:0.399,norm:0.000,total:0.399), noise(e-3):(mean:0.000,std:0.000,m_abs:0.000)
epoch: 0006/0010 [00494/3551], mode:train, loss_total: 1.998(speaker:1.998,norm:0.000,loss_total:1.998), err:(err_spk:0.930), lr(e-3):[ 1.000], grad(e-3):(speaker:0.251,norm:0.000,total:0.251), noise(e-3):(mean:0.000,std:0.000,m_abs:0.000)
epoch: 0006/0010 [00594/3551], mode:train, loss_total: 1.999(speaker:1.999,norm:0.000,loss_total:1.999), err:(err_spk:0.914), lr(e-3):[ 1.000], grad(e-3):(speaker:0.451,norm:0.000,total:0.451), noise(e-3):(mean:0.000,std:0.000,m_abs:0.000)
epoch: 0006/0010 [00694/3551], mode:train, loss_total: 1.999(speaker:1.999,norm:0.000,loss_total:1.999), err:(err_spk:0.945), lr(e-3):[ 1.000], grad(e-3):(speaker:0.289,norm:0.000,total:0.289), noise(e-3):(mean:0.000,std:0.000,m_abs:0.000)
epoch: 0006/0010 [00794/3551], mode:train, loss_total: 1.998(speaker:1.998,norm:0.000,loss_total:1.998), err:(err_spk:0.930), lr(e-3):[ 1.000], grad(e-3):(speaker:0.257,norm:0.000,total:0.257), noise(e-3):(mean:0.000,std:0.000,m_abs:0.000)
epoch: 0006/0010 [00894/3551], mode:train, loss_total: 1.998(speaker:1.998,norm:0.000,loss_total:1.998), err:(err_spk:0.930), lr(e-3):[ 1.000], grad(e-3):(speaker:0.265,norm:0.000,total:0.265), noise(e-3):(mean:0.000,std:0.000,m_abs:0.000)
epoch: 0006/0010 [00994/3551], mode:train, loss_total: 1.999(speaker:1.999,norm:0.000,loss_total:1.999), err:(err_spk:0.938), lr(e-3):[ 1.000], grad(e-3):(speaker:0.256,norm:0.000,total:0.256), noise(e-3):(mean:0.000,std:0.000,m_abs:0.000)
epoch: 0006/0010 [01094/3551], mode:train, loss_total: 1.999(speaker:1.999,norm:0.000,loss_total:1.999), err:(err_spk:0.938), lr(e-3):[ 1.000], grad(e-3):(speaker:0.309,norm:0.000,total:0.309), noise(e-3):(mean:0.000,std:0.000,m_abs:0.000)
epoch: 0006/0010 [01194/3551], mode:train, loss_total: 1.999(speaker:1.999,norm:0.000,loss_total:1.999), err:(err_spk:0.906), lr(e-3):[ 1.000], grad(e-3):(speaker:0.262,norm:0.000,total:0.262), noise(e-3):(mean:0.000,std:0.000,m_abs:0.000)
epoch: 0006/0010 [01294/3551], mode:train, loss_total: 1.999(speaker:1.999,norm:0.000,loss_total:1.999), err:(err_spk:0.930), lr(e-3):[ 1.000], grad(e-3):(speaker:0.385,norm:0.000,total:0.385), noise(e-3):(mean:0.000,std:0.000,m_abs:0.000)
epoch: 0006/0010 [01394/3551], mode:train, loss_total: 1.998(speaker:1.998,norm:0.000,loss_total:1.998), err:(err_spk:0.922), lr(e-3):[ 1.000], grad(e-3):(speaker:0.359,norm:0.000,total:0.359), noise(e-3):(mean:0.000,std:0.000,m_abs:0.000)
epoch: 0006/0010 [01494/3551], mode:train, loss_total: 1.998(speaker:1.998,norm:0.000,loss_total:1.998), err:(err_spk:0.906), lr(e-3):[ 1.000], grad(e-3):(speaker:0.325,norm:0.000,total:0.325), noise(e-3):(mean:0.000,std:0.000,m_abs:0.000)
epoch: 0006/0010 [01594/3551], mode:train, loss_total: 1.998(speaker:1.998,norm:0.000,loss_total:1.998), err:(err_spk:0.930), lr(e-3):[ 1.000], grad(e-3):(speaker:0.326,norm:0.000,total:0.326), noise(e-3):(mean:0.000,std:0.000,m_abs:0.000)
epoch: 0006/0010 [01694/3551], mode:train, loss_total: 1.998(speaker:1.998,norm:0.000,loss_total:1.998), err:(err_spk:0.945), lr(e-3):[ 1.000], grad(e-3):(speaker:0.322,norm:0.000,total:0.322), noise(e-3):(mean:0.000,std:0.000,m_abs:0.000)
epoch: 0006/0010 [01794/3551], mode:train, loss_total: 1.999(speaker:1.999,norm:0.000,loss_total:1.999), err:(err_spk:0.945), lr(e-3):[ 1.000], grad(e-3):(speaker:0.231,norm:0.000,total:0.231), noise(e-3):(mean:0.000,std:0.000,m_abs:0.000)
epoch: 0006/0010 [01894/3551], mode:train, loss_total: 1.999(speaker:1.999,norm:0.000,loss_total:1.999), err:(err_spk:0.938), lr(e-3):[ 1.000], grad(e-3):(speaker:0.392,norm:0.000,total:0.392), noise(e-3):(mean:0.000,std:0.000,m_abs:0.000)
epoch: 0006/0010 [01994/3551], mode:train, loss_total: 1.999(speaker:1.999,norm:0.000,loss_total:1.999), err:(err_spk:0.906), lr(e-3):[ 1.000], grad(e-3):(speaker:0.271,norm:0.000,total:0.271), noise(e-3):(mean:0.000,std:0.000,m_abs:0.000)
epoch: 0006/0010 [02094/3551], mode:train, loss_total: 1.999(speaker:1.999,norm:0.000,loss_total:1.999), err:(err_spk:0.945), lr(e-3):[ 1.000], grad(e-3):(speaker:0.238,norm:0.000,total:0.238), noise(e-3):(mean:0.000,std:0.000,m_abs:0.000)
epoch: 0006/0010 [02194/3551], mode:train, loss_total: 1.999(speaker:1.999,norm:0.000,loss_total:1.999), err:(err_spk:0.945), lr(e-3):[ 1.000], grad(e-3):(speaker:0.276,norm:0.000,total:0.276), noise(e-3):(mean:0.000,std:0.000,m_abs:0.000)
epoch: 0006/0010 [02294/3551], mode:train, loss_total: 1.999(speaker:1.999,norm:0.000,loss_total:1.999), err:(err_spk:0.961), lr(e-3):[ 1.000], grad(e-3):(speaker:0.301,norm:0.000,total:0.301), noise(e-3):(mean:0.000,std:0.000,m_abs:0.000)
epoch: 0006/0010 [02394/3551], mode:train, loss_total: 1.999(speaker:1.999,norm:0.000,loss_total:1.999), err:(err_spk:0.906), lr(e-3):[ 1.000], grad(e-3):(speaker:0.310,norm:0.000,total:0.310), noise(e-3):(mean:0.000,std:0.000,m_abs:0.000)
epoch: 0006/0010 [02494/3551], mode:train, loss_total: 1.998(speaker:1.998,norm:0.000,loss_total:1.998), err:(err_spk:0.922), lr(e-3):[ 1.000], grad(e-3):(speaker:0.297,norm:0.000,total:0.297), noise(e-3):(mean:0.000,std:0.000,m_abs:0.000)
epoch: 0006/0010 [02594/3551], mode:train, loss_total: 1.999(speaker:1.999,norm:0.000,loss_total:1.999), err:(err_spk:0.938), lr(e-3):[ 1.000], grad(e-3):(speaker:0.272,norm:0.000,total:0.272), noise(e-3):(mean:0.000,std:0.000,m_abs:0.000)
epoch: 0006/0010 [02694/3551], mode:train, loss_total: 1.999(speaker:1.999,norm:0.000,loss_total:1.999), err:(err_spk:0.922), lr(e-3):[ 1.000], grad(e-3):(speaker:0.250,norm:0.000,total:0.250), noise(e-3):(mean:0.000,std:0.000,m_abs:0.000)
epoch: 0006/0010 [02794/3551], mode:train, loss_total: 1.998(speaker:1.998,norm:0.000,loss_total:1.998), err:(err_spk:0.938), lr(e-3):[ 1.000], grad(e-3):(speaker:0.305,norm:0.000,total:0.305), noise(e-3):(mean:0.000,std:0.000,m_abs:0.000)
epoch: 0006/0010 [02894/3551], mode:train, loss_total: 1.998(speaker:1.998,norm:0.000,loss_total:1.998), err:(err_spk:0.922), lr(e-3):[ 1.000], grad(e-3):(speaker:0.327,norm:0.000,total:0.327), noise(e-3):(mean:0.000,std:0.000,m_abs:0.000)
epoch: 0006/0010 [02994/3551], mode:train, loss_total: 1.999(speaker:1.999,norm:0.000,loss_total:1.999), err:(err_spk:0.938), lr(e-3):[ 1.000], grad(e-3):(speaker:0.267,norm:0.000,total:0.267), noise(e-3):(mean:0.000,std:0.000,m_abs:0.000)
epoch: 0006/0010 [03094/3551], mode:train, loss_total: 1.999(speaker:1.999,norm:0.000,loss_total:1.999), err:(err_spk:0.953), lr(e-3):[ 1.000], grad(e-3):(speaker:0.241,norm:0.000,total:0.241), noise(e-3):(mean:0.000,std:0.000,m_abs:0.000)
epoch: 0006/0010 [03194/3551], mode:train, loss_total: 1.999(speaker:1.999,norm:0.000,loss_total:1.999), err:(err_spk:0.938), lr(e-3):[ 1.000], grad(e-3):(speaker:0.268,norm:0.000,total:0.268), noise(e-3):(mean:0.000,std:0.000,m_abs:0.000)
epoch: 0006/0010 [03294/3551], mode:train, loss_total: 1.998(speaker:1.998,norm:0.000,loss_total:1.998), err:(err_spk:0.922), lr(e-3):[ 1.000], grad(e-3):(speaker:0.255,norm:0.000,total:0.255), noise(e-3):(mean:0.000,std:0.000,m_abs:0.000)
epoch: 0006/0010 [03394/3551], mode:train, loss_total: 1.999(speaker:1.999,norm:0.000,loss_total:1.999), err:(err_spk:0.898), lr(e-3):[ 1.000], grad(e-3):(speaker:0.305,norm:0.000,total:0.305), noise(e-3):(mean:0.000,std:0.000,m_abs:0.000)
epoch: 0006/0010 [03494/3551], mode:train, loss_total: 1.999(speaker:1.999,norm:0.000,loss_total:1.999), err:(err_spk:0.914), lr(e-3):[ 1.000], grad(e-3):(speaker:0.364,norm:0.000,total:0.364), noise(e-3):(mean:0.000,std:0.000,m_abs:0.000)
epoch: 0006 mode:train, 'speaker': 0.29997983934908157, 'norm': 1.6370338839160858e-09, 'loss_total': 1.9985996033696845, 'err_spk': 0.9297205720524846, 'mean': -6.470717849835269e-06, 'std': 9.792783520183433e-06, 'm_abs': 6.702682230302299e-06, 'total': 0.2999798393490815
epoch: 0006/0010 [00086/907], mode:eval , loss: 1.999(speaker:1.999,norm:0.000,loss_total:1.999), err:(err_spk:0.922), noise(e-3):(mean:0.000,std:0.000,m_abs:0.000)
epoch: 0006/0010 [00186/907], mode:eval , loss: 1.999(speaker:1.999,norm:0.000,loss_total:1.999), err:(err_spk:0.898), noise(e-3):(mean:0.000,std:0.000,m_abs:0.000)
epoch: 0006/0010 [00286/907], mode:eval , loss: 1.998(speaker:1.998,norm:0.000,loss_total:1.998), err:(err_spk:0.953), noise(e-3):(mean:0.000,std:0.000,m_abs:0.000)
epoch: 0006/0010 [00386/907], mode:eval , loss: 1.999(speaker:1.999,norm:0.000,loss_total:1.999), err:(err_spk:0.914), noise(e-3):(mean:0.000,std:0.000,m_abs:0.000)
epoch: 0006/0010 [00486/907], mode:eval , loss: 1.999(speaker:1.999,norm:0.000,loss_total:1.999), err:(err_spk:0.898), noise(e-3):(mean:0.000,std:0.000,m_abs:0.000)
epoch: 0006/0010 [00586/907], mode:eval , loss: 1.998(speaker:1.998,norm:0.000,loss_total:1.998), err:(err_spk:0.930), noise(e-3):(mean:0.000,std:0.000,m_abs:0.000)
epoch: 0006/0010 [00686/907], mode:eval , loss: 1.999(speaker:1.999,norm:0.000,loss_total:1.999), err:(err_spk:0.922), noise(e-3):(mean:0.000,std:0.000,m_abs:0.000)
epoch: 0006/0010 [00786/907], mode:eval , loss: 1.999(speaker:1.999,norm:0.000,loss_total:1.999), err:(err_spk:0.914), noise(e-3):(mean:0.000,std:0.000,m_abs:0.000)
epoch: 0006/0010 [00886/907], mode:eval , loss: 1.998(speaker:1.998,norm:0.000,loss_total:1.998), err:(err_spk:0.930), noise(e-3):(mean:0.000,std:0.000,m_abs:0.000)
epoch: 0006 mode: eval, 'speaker': 1.9985941978980755, 'norm': 0.0, 'loss_total': 1.9985941978980755, 'err_spk': 0.929301724137931, 'mean': 0.0, 'std': 0.0, 'm_abs': 0.
EvalHook: best accu: 0.932, is_best: False
epoch: 0007/0010 [00043/3551], mode:train, loss_total: 1.999(speaker:1.999,norm:0.000,loss_total:1.999), err:(err_spk:0.906), lr(e-3):[ 1.000], grad(e-3):(speaker:0.281,norm:0.000,total:0.281), noise(e-3):(mean:0.000,std:0.000,m_abs:0.000)
epoch: 0007/0010 [00143/3551], mode:train, loss_total: 1.999(speaker:1.999,norm:0.000,loss_total:1.999), err:(err_spk:0.922), lr(e-3):[ 1.000], grad(e-3):(speaker:0.296,norm:0.000,total:0.296), noise(e-3):(mean:0.000,std:0.000,m_abs:0.000)
epoch: 0007/0010 [00243/3551], mode:train, loss_total: 1.999(speaker:1.999,norm:0.000,loss_total:1.999), err:(err_spk:0.906), lr(e-3):[ 1.000], grad(e-3):(speaker:0.278,norm:0.000,total:0.278), noise(e-3):(mean:0.000,std:0.000,m_abs:0.000)
epoch: 0007/0010 [00343/3551], mode:train, loss_total: 1.999(speaker:1.999,norm:0.000,loss_total:1.999), err:(err_spk:0.930), lr(e-3):[ 1.000], grad(e-3):(speaker:0.318,norm:0.000,total:0.318), noise(e-3):(mean:0.000,std:0.000,m_abs:0.000)
epoch: 0007/0010 [00443/3551], mode:train, loss_total: 1.998(speaker:1.998,norm:0.000,loss_total:1.998), err:(err_spk:0.938), lr(e-3):[ 1.000], grad(e-3):(speaker:0.340,norm:0.000,total:0.340), noise(e-3):(mean:0.000,std:0.000,m_abs:0.000)
epoch: 0007/0010 [00543/3551], mode:train, loss_total: 1.998(speaker:1.998,norm:0.000,loss_total:1.998), err:(err_spk:0.961), lr(e-3):[ 1.000], grad(e-3):(speaker:0.352,norm:0.000,total:0.352), noise(e-3):(mean:0.000,std:0.000,m_abs:0.000)
epoch: 0007/0010 [00643/3551], mode:train, loss_total: 1.999(speaker:1.999,norm:0.000,loss_total:1.999), err:(err_spk:0.969), lr(e-3):[ 1.000], grad(e-3):(speaker:0.280,norm:0.000,total:0.280), noise(e-3):(mean:0.000,std:0.000,m_abs:0.000)
epoch: 0007/0010 [00743/3551], mode:train, loss_total: 1.999(speaker:1.999,norm:0.000,loss_total:1.999), err:(err_spk:0.961), lr(e-3):[ 1.000], grad(e-3):(speaker:0.284,norm:0.000,total:0.284), noise(e-3):(mean:0.000,std:0.000,m_abs:0.000)
epoch: 0007/0010 [00843/3551], mode:train, loss_total: 1.999(speaker:1.999,norm:0.000,loss_total:1.999), err:(err_spk:0.945), lr(e-3):[ 1.000], grad(e-3):(speaker:0.294,norm:0.000,total:0.294), noise(e-3):(mean:0.000,std:0.000,m_abs:0.000)
epoch: 0007/0010 [00943/3551], mode:train, loss_total: 1.999(speaker:1.999,norm:0.000,loss_total:1.999), err:(err_spk:0.961), lr(e-3):[ 1.000], grad(e-3):(speaker:0.398,norm:0.000,total:0.398), noise(e-3):(mean:0.000,std:0.000,m_abs:0.000)
epoch: 0007/0010 [01043/3551], mode:train, loss_total: 1.998(speaker:1.998,norm:0.000,loss_total:1.998), err:(err_spk:0.945), lr(e-3):[ 1.000], grad(e-3):(speaker:0.338,norm:0.000,total:0.338), noise(e-3):(mean:0.000,std:0.000,m_abs:0.000)
epoch: 0007/0010 [01143/3551], mode:train, loss_total: 1.998(speaker:1.998,norm:0.000,loss_total:1.998), err:(err_spk:0.945), lr(e-3):[ 1.000], grad(e-3):(speaker:0.232,norm:0.000,total:0.232), noise(e-3):(mean:0.000,std:0.000,m_abs:0.000)
epoch: 0007/0010 [01243/3551], mode:train, loss_total: 1.999(speaker:1.999,norm:0.000,loss_total:1.999), err:(err_spk:0.906), lr(e-3):[ 1.000], grad(e-3):(speaker:0.268,norm:0.000,total:0.268), noise(e-3):(mean:0.000,std:0.000,m_abs:0.000)
epoch: 0007/0010 [01343/3551], mode:train, loss_total: 1.998(speaker:1.998,norm:0.000,loss_total:1.998), err:(err_spk:0.930), lr(e-3):[ 1.000], grad(e-3):(speaker:0.296,norm:0.000,total:0.296), noise(e-3):(mean:0.000,std:0.000,m_abs:0.000)
epoch: 0007/0010 [01443/3551], mode:train, loss_total: 1.999(speaker:1.999,norm:0.000,loss_total:1.999), err:(err_spk:0.938), lr(e-3):[ 1.000], grad(e-3):(speaker:0.259,norm:0.000,total:0.259), noise(e-3):(mean:0.000,std:0.000,m_abs:0.000)
epoch: 0007/0010 [01543/3551], mode:train, loss_total: 1.999(speaker:1.999,norm:0.000,loss_total:1.999), err:(err_spk:0.898), lr(e-3):[ 1.000], grad(e-3):(speaker:0.378,norm:0.000,total:0.378), noise(e-3):(mean:0.000,std:0.000,m_abs:0.000)
epoch: 0007/0010 [01643/3551], mode:train, loss_total: 1.998(speaker:1.998,norm:0.000,loss_total:1.998), err:(err_spk:0.898), lr(e-3):[ 1.000], grad(e-3):(speaker:0.347,norm:0.000,total:0.347), noise(e-3):(mean:0.000,std:0.000,m_abs:0.000)
epoch: 0007/0010 [01743/3551], mode:train, loss_total: 1.999(speaker:1.999,norm:0.000,loss_total:1.999), err:(err_spk:0.938), lr(e-3):[ 1.000], grad(e-3):(speaker:0.296,norm:0.000,total:0.296), noise(e-3):(mean:0.000,std:0.000,m_abs:0.000)
epoch: 0007/0010 [01843/3551], mode:train, loss_total: 1.998(speaker:1.998,norm:0.000,loss_total:1.998), err:(err_spk:0.922), lr(e-3):[ 1.000], grad(e-3):(speaker:0.285,norm:0.000,total:0.285), noise(e-3):(mean:0.000,std:0.000,m_abs:0.000)
epoch: 0007/0010 [01943/3551], mode:train, loss_total: 1.999(speaker:1.999,norm:0.000,loss_total:1.999), err:(err_spk:0.945), lr(e-3):[ 1.000], grad(e-3):(speaker:0.272,norm:0.000,total:0.272), noise(e-3):(mean:0.000,std:0.000,m_abs:0.000)
epoch: 0007/0010 [02043/3551], mode:train, loss_total: 1.998(speaker:1.998,norm:0.000,loss_total:1.998), err:(err_spk:0.945), lr(e-3):[ 1.000], grad(e-3):(speaker:0.308,norm:0.000,total:0.308), noise(e-3):(mean:0.000,std:0.000,m_abs:0.000)
epoch: 0007/0010 [02143/3551], mode:train, loss_total: 1.999(speaker:1.999,norm:0.000,loss_total:1.999), err:(err_spk:0.906), lr(e-3):[ 1.000], grad(e-3):(speaker:0.288,norm:0.000,total:0.288), noise(e-3):(mean:0.000,std:0.000,m_abs:0.000)
epoch: 0007/0010 [02243/3551], mode:train, loss_total: 1.998(speaker:1.998,norm:0.000,loss_total:1.998), err:(err_spk:0.945), lr(e-3):[ 1.000], grad(e-3):(speaker:0.313,norm:0.000,total:0.313), noise(e-3):(mean:0.000,std:0.000,m_abs:0.000)
epoch: 0007/0010 [02343/3551], mode:train, loss_total: 1.999(speaker:1.999,norm:0.000,loss_total:1.999), err:(err_spk:0.930), lr(e-3):[ 1.000], grad(e-3):(speaker:0.317,norm:0.000,total:0.317), noise(e-3):(mean:0.000,std:0.000,m_abs:0.000)
epoch: 0007/0010 [02443/3551], mode:train, loss_total: 1.998(speaker:1.998,norm:0.000,loss_total:1.998), err:(err_spk:0.969), lr(e-3):[ 1.000], grad(e-3):(speaker:0.264,norm:0.000,total:0.264), noise(e-3):(mean:0.000,std:0.000,m_abs:0.000)
epoch: 0007/0010 [02543/3551], mode:train, loss_total: 1.999(speaker:1.999,norm:0.000,loss_total:1.999), err:(err_spk:0.922), lr(e-3):[ 1.000], grad(e-3):(speaker:0.272,norm:0.000,total:0.272), noise(e-3):(mean:0.000,std:0.000,m_abs:0.000)
epoch: 0007/0010 [02643/3551], mode:train, loss_total: 1.999(speaker:1.999,norm:0.000,loss_total:1.999), err:(err_spk:0.898), lr(e-3):[ 1.000], grad(e-3):(speaker:0.377,norm:0.000,total:0.377), noise(e-3):(mean:0.000,std:0.000,m_abs:0.000)
epoch: 0007/0010 [02743/3551], mode:train, loss_total: 1.998(speaker:1.998,norm:0.000,loss_total:1.998), err:(err_spk:0.969), lr(e-3):[ 1.000], grad(e-3):(speaker:0.250,norm:0.000,total:0.250), noise(e-3):(mean:0.000,std:0.000,m_abs:0.000)
epoch: 0007/0010 [02843/3551], mode:train, loss_total: 1.999(speaker:1.999,norm:0.000,loss_total:1.999), err:(err_spk:0.945), lr(e-3):[ 1.000], grad(e-3):(speaker:0.403,norm:0.000,total:0.403), noise(e-3):(mean:0.000,std:0.000,m_abs:0.000)
epoch: 0007/0010 [02943/3551], mode:train, loss_total: 1.998(speaker:1.998,norm:0.000,loss_total:1.998), err:(err_spk:0.961), lr(e-3):[ 1.000], grad(e-3):(speaker:0.254,norm:0.000,total:0.254), noise(e-3):(mean:0.000,std:0.000,m_abs:0.000)
epoch: 0007/0010 [03043/3551], mode:train, loss_total: 1.999(speaker:1.999,norm:0.000,loss_total:1.999), err:(err_spk:0.953), lr(e-3):[ 1.000], grad(e-3):(speaker:0.273,norm:0.000,total:0.273), noise(e-3):(mean:0.000,std:0.000,m_abs:0.000)
epoch: 0007/0010 [03143/3551], mode:train, loss_total: 1.999(speaker:1.999,norm:0.000,loss_total:1.999), err:(err_spk:0.891), lr(e-3):[ 1.000], grad(e-3):(speaker:0.345,norm:0.000,total:0.345), noise(e-3):(mean:0.000,std:0.000,m_abs:0.000)
epoch: 0007/0010 [03243/3551], mode:train, loss_total: 1.999(speaker:1.999,norm:0.000,loss_total:1.999), err:(err_spk:0.906), lr(e-3):[ 1.000], grad(e-3):(speaker:0.284,norm:0.000,total:0.284), noise(e-3):(mean:0.000,std:0.000,m_abs:0.000)
epoch: 0007/0010 [03343/3551], mode:train, loss_total: 1.999(speaker:1.999,norm:0.000,loss_total:1.999), err:(err_spk:0.875), lr(e-3):[ 1.000], grad(e-3):(speaker:0.321,norm:0.000,total:0.321), noise(e-3):(mean:0.000,std:0.000,m_abs:0.000)
epoch: 0007/0010 [03443/3551], mode:train, loss_total: 1.999(speaker:1.999,norm:0.000,loss_total:1.999), err:(err_spk:0.969), lr(e-3):[ 1.000], grad(e-3):(speaker:0.287,norm:0.000,total:0.287), noise(e-3):(mean:0.000,std:0.000,m_abs:0.000)
epoch: 0007/0010 [03543/3551], mode:train, loss_total: 1.998(speaker:1.998,norm:0.000,loss_total:1.998), err:(err_spk:0.922), lr(e-3):[ 1.000], grad(e-3):(speaker:0.378,norm:0.000,total:0.378), noise(e-3):(mean:0.000,std:0.000,m_abs:0.000)
epoch: 0007 mode:train, 'speaker': 0.3005711920219417, 'norm': 2.7541085932836583e-08, 'loss_total': 1.9983174785492313, 'err_spk': 0.9301628162721859, 'mean': -0.00010767142535775384, 'std': 0.00017142814629989378, 'm_abs': 0.00011273596321761272, 'total': 0.300571192055514
epoch: 0008/0010 [00092/3551], mode:train, loss_total: 1.998(speaker:1.998,norm:0.000,loss_total:1.998), err:(err_spk:0.961), lr(e-3):[ 1.000], grad(e-3):(speaker:0.287,norm:0.000,total:0.287), noise(e-3):(mean:0.000,std:0.000,m_abs:0.000)
epoch: 0008/0010 [00192/3551], mode:train, loss_total: 1.999(speaker:1.999,norm:0.000,loss_total:1.999), err:(err_spk:0.906), lr(e-3):[ 1.000], grad(e-3):(speaker:0.336,norm:0.000,total:0.336), noise(e-3):(mean:0.000,std:0.000,m_abs:0.000)
epoch: 0008/0010 [00292/3551], mode:train, loss_total: 1.999(speaker:1.999,norm:0.000,loss_total:1.999), err:(err_spk:0.953), lr(e-3):[ 1.000], grad(e-3):(speaker:0.279,norm:0.000,total:0.279), noise(e-3):(mean:0.000,std:0.000,m_abs:0.000)
epoch: 0008/0010 [00392/3551], mode:train, loss_total: 1.998(speaker:1.998,norm:0.000,loss_total:1.998), err:(err_spk:0.906), lr(e-3):[ 1.000], grad(e-3):(speaker:0.334,norm:0.000,total:0.334), noise(e-3):(mean:0.000,std:0.000,m_abs:0.000)
epoch: 0008/0010 [00492/3551], mode:train, loss_total: 1.999(speaker:1.999,norm:0.000,loss_total:1.999), err:(err_spk:0.969), lr(e-3):[ 1.000], grad(e-3):(speaker:0.286,norm:0.000,total:0.286), noise(e-3):(mean:0.000,std:0.000,m_abs:0.000)
epoch: 0008/0010 [00592/3551], mode:train, loss_total: 1.999(speaker:1.999,norm:0.000,loss_total:1.999), err:(err_spk:0.953), lr(e-3):[ 1.000], grad(e-3):(speaker:0.260,norm:0.000,total:0.260), noise(e-3):(mean:0.000,std:0.000,m_abs:0.000)
epoch: 0008/0010 [00692/3551], mode:train, loss_total: 1.999(speaker:1.999,norm:0.000,loss_total:1.999), err:(err_spk:0.914), lr(e-3):[ 1.000], grad(e-3):(speaker:0.271,norm:0.000,total:0.271), noise(e-3):(mean:0.000,std:0.000,m_abs:0.000)
epoch: 0008/0010 [00792/3551], mode:train, loss_total: 1.999(speaker:1.999,norm:0.000,loss_total:1.999), err:(err_spk:0.906), lr(e-3):[ 1.000], grad(e-3):(speaker:0.300,norm:0.000,total:0.300), noise(e-3):(mean:0.000,std:0.000,m_abs:0.000)
epoch: 0008/0010 [00892/3551], mode:train, loss_total: 1.999(speaker:1.999,norm:0.000,loss_total:1.999), err:(err_spk:0.938), lr(e-3):[ 1.000], grad(e-3):(speaker:0.356,norm:0.000,total:0.356), noise(e-3):(mean:0.000,std:0.000,m_abs:0.000)
epoch: 0008/0010 [00992/3551], mode:train, loss_total: 1.999(speaker:1.999,norm:0.000,loss_total:1.999), err:(err_spk:0.906), lr(e-3):[ 1.000], grad(e-3):(speaker:0.294,norm:0.000,total:0.294), noise(e-3):(mean:0.000,std:0.000,m_abs:0.000)
epoch: 0008/0010 [01092/3551], mode:train, loss_total: 1.998(speaker:1.998,norm:0.000,loss_total:1.998), err:(err_spk:0.938), lr(e-3):[ 1.000], grad(e-3):(speaker:0.263,norm:0.000,total:0.263), noise(e-3):(mean:0.000,std:0.000,m_abs:0.000)
epoch: 0008/0010 [01192/3551], mode:train, loss_total: 1.999(speaker:1.999,norm:0.000,loss_total:1.999), err:(err_spk:0.938), lr(e-3):[ 1.000], grad(e-3):(speaker:0.272,norm:0.000,total:0.272), noise(e-3):(mean:0.000,std:0.000,m_abs:0.000)
epoch: 0008/0010 [01292/3551], mode:train, loss_total: 1.999(speaker:1.999,norm:0.000,loss_total:1.999), err:(err_spk:0.906), lr(e-3):[ 1.000], grad(e-3):(speaker:0.316,norm:0.000,total:0.316), noise(e-3):(mean:0.000,std:0.000,m_abs:0.000)
epoch: 0008/0010 [01392/3551], mode:train, loss_total: 1.999(speaker:1.999,norm:0.000,loss_total:1.999), err:(err_spk:0.984), lr(e-3):[ 1.000], grad(e-3):(speaker:0.254,norm:0.000,total:0.254), noise(e-3):(mean:0.000,std:0.000,m_abs:0.000)
epoch: 0008/0010 [01492/3551], mode:train, loss_total: 1.999(speaker:1.999,norm:0.000,loss_total:1.999), err:(err_spk:0.953), lr(e-3):[ 1.000], grad(e-3):(speaker:0.291,norm:0.000,total:0.291), noise(e-3):(mean:0.000,std:0.000,m_abs:0.000)
epoch: 0008/0010 [01592/3551], mode:train, loss_total: 1.999(speaker:1.999,norm:0.000,loss_total:1.999), err:(err_spk:0.922), lr(e-3):[ 1.000], grad(e-3):(speaker:0.270,norm:0.000,total:0.270), noise(e-3):(mean:0.000,std:0.000,m_abs:0.000)
epoch: 0008/0010 [01692/3551], mode:train, loss_total: 1.998(speaker:1.998,norm:0.000,loss_total:1.998), err:(err_spk:0.914), lr(e-3):[ 1.000], grad(e-3):(speaker:0.286,norm:0.000,total:0.286), noise(e-3):(mean:0.000,std:0.000,m_abs:0.000)
epoch: 0008/0010 [01792/3551], mode:train, loss_total: 1.998(speaker:1.998,norm:0.000,loss_total:1.998), err:(err_spk:0.953), lr(e-3):[ 1.000], grad(e-3):(speaker:0.307,norm:0.000,total:0.307), noise(e-3):(mean:0.000,std:0.000,m_abs:0.000)
epoch: 0008/0010 [01892/3551], mode:train, loss_total: 1.999(speaker:1.999,norm:0.000,loss_total:1.999), err:(err_spk:0.906), lr(e-3):[ 1.000], grad(e-3):(speaker:0.282,norm:0.000,total:0.282), noise(e-3):(mean:0.000,std:0.000,m_abs:0.000)
epoch: 0008/0010 [01992/3551], mode:train, loss_total: 1.999(speaker:1.999,norm:0.000,loss_total:1.999), err:(err_spk:0.906), lr(e-3):[ 1.000], grad(e-3):(speaker:0.259,norm:0.000,total:0.259), noise(e-3):(mean:0.000,std:0.000,m_abs:0.000)
epoch: 0008/0010 [02092/3551], mode:train, loss_total: 1.998(speaker:1.998,norm:0.000,loss_total:1.998), err:(err_spk:0.953), lr(e-3):[ 1.000], grad(e-3):(speaker:0.281,norm:0.000,total:0.281), noise(e-3):(mean:0.000,std:0.000,m_abs:0.000)
epoch: 0008/0010 [02192/3551], mode:train, loss_total: 1.999(speaker:1.999,norm:0.000,loss_total:1.999), err:(err_spk:0.906), lr(e-3):[ 1.000], grad(e-3):(speaker:0.241,norm:0.000,total:0.241), noise(e-3):(mean:0.000,std:0.000,m_abs:0.000)
epoch: 0008/0010 [02292/3551], mode:train, loss_total: 1.999(speaker:1.999,norm:0.000,loss_total:1.999), err:(err_spk:0.945), lr(e-3):[ 1.000], grad(e-3):(speaker:0.329,norm:0.000,total:0.329), noise(e-3):(mean:0.000,std:0.000,m_abs:0.000)
epoch: 0008/0010 [02392/3551], mode:train, loss_total: 1.999(speaker:1.999,norm:0.000,loss_total:1.999), err:(err_spk:0.898), lr(e-3):[ 1.000], grad(e-3):(speaker:0.308,norm:0.000,total:0.308), noise(e-3):(mean:0.000,std:0.000,m_abs:0.000)
epoch: 0008/0010 [02492/3551], mode:train, loss_total: 1.999(speaker:1.999,norm:0.000,loss_total:1.999), err:(err_spk:0.945), lr(e-3):[ 1.000], grad(e-3):(speaker:0.308,norm:0.000,total:0.308), noise(e-3):(mean:0.000,std:0.000,m_abs:0.000)
epoch: 0008/0010 [02592/3551], mode:train, loss_total: 1.999(speaker:1.999,norm:0.000,loss_total:1.999), err:(err_spk:0.945), lr(e-3):[ 1.000], grad(e-3):(speaker:0.251,norm:0.000,total:0.251), noise(e-3):(mean:0.000,std:0.000,m_abs:0.000)
epoch: 0008/0010 [02692/3551], mode:train, loss_total: 1.999(speaker:1.999,norm:0.000,loss_total:1.999), err:(err_spk:0.953), lr(e-3):[ 1.000], grad(e-3):(speaker:0.246,norm:0.000,total:0.246), noise(e-3):(mean:0.000,std:0.000,m_abs:0.000)
epoch: 0008/0010 [02792/3551], mode:train, loss_total: 1.998(speaker:1.998,norm:0.000,loss_total:1.998), err:(err_spk:0.984), lr(e-3):[ 1.000], grad(e-3):(speaker:0.345,norm:0.000,total:0.345), noise(e-3):(mean:0.000,std:0.000,m_abs:0.000)
epoch: 0008/0010 [02892/3551], mode:train, loss_total: 1.998(speaker:1.998,norm:0.000,loss_total:1.998), err:(err_spk:0.930), lr(e-3):[ 1.000], grad(e-3):(speaker:0.338,norm:0.000,total:0.338), noise(e-3):(mean:0.000,std:0.000,m_abs:0.000)
epoch: 0008/0010 [02992/3551], mode:train, loss_total: 1.999(speaker:1.999,norm:0.000,loss_total:1.999), err:(err_spk:0.898), lr(e-3):[ 1.000], grad(e-3):(speaker:0.277,norm:0.000,total:0.277), noise(e-3):(mean:0.000,std:0.000,m_abs:0.000)
epoch: 0008/0010 [03092/3551], mode:train, loss_total: 1.999(speaker:1.999,norm:0.000,loss_total:1.999), err:(err_spk:0.930), lr(e-3):[ 1.000], grad(e-3):(speaker:0.385,norm:0.000,total:0.385), noise(e-3):(mean:0.000,std:0.000,m_abs:0.000)
epoch: 0008/0010 [03192/3551], mode:train, loss_total: 1.998(speaker:1.998,norm:0.000,loss_total:1.998), err:(err_spk:0.906), lr(e-3):[ 1.000], grad(e-3):(speaker:0.301,norm:0.000,total:0.301), noise(e-3):(mean:0.000,std:0.000,m_abs:0.000)
epoch: 0008/0010 [03292/3551], mode:train, loss_total: 1.998(speaker:1.998,norm:0.000,loss_total:1.998), err:(err_spk:0.945), lr(e-3):[ 1.000], grad(e-3):(speaker:0.379,norm:0.000,total:0.379), noise(e-3):(mean:0.000,std:0.000,m_abs:0.000)
epoch: 0008/0010 [03392/3551], mode:train, loss_total: 1.999(speaker:1.999,norm:0.000,loss_total:1.999), err:(err_spk:0.898), lr(e-3):[ 1.000], grad(e-3):(speaker:0.463,norm:0.000,total:0.463), noise(e-3):(mean:0.000,std:0.000,m_abs:0.000)
epoch: 0008/0010 [03492/3551], mode:train, loss_total: 1.999(speaker:1.999,norm:0.000,loss_total:1.999), err:(err_spk:0.969), lr(e-3):[ 1.000], grad(e-3):(speaker:0.281,norm:0.000,total:0.281), noise(e-3):(mean:0.000,std:0.000,m_abs:0.000)
epoch: 0008 mode:train, 'speaker': 0.30118709204587735, 'norm': 0.0, 'loss_total': 1.9983178438295757, 'err_spk': 0.9298173817334526, 'mean': 0.0, 'std': 0.0, 'm_abs': 0.0, 'total': 0.3011870920458773
epoch: 0009/0010 [00041/3551], mode:train, loss_total: 1.999(speaker:1.999,norm:0.000,loss_total:1.999), err:(err_spk:0.922), lr(e-3):[ 1.000], grad(e-3):(speaker:0.438,norm:0.000,total:0.438), noise(e-3):(mean:0.000,std:0.000,m_abs:0.000)
epoch: 0009/0010 [00141/3551], mode:train, loss_total: 1.999(speaker:1.999,norm:0.000,loss_total:1.999), err:(err_spk:0.938), lr(e-3):[ 1.000], grad(e-3):(speaker:0.306,norm:0.000,total:0.306), noise(e-3):(mean:0.000,std:0.000,m_abs:0.000)
epoch: 0009/0010 [00241/3551], mode:train, loss_total: 1.998(speaker:1.998,norm:0.000,loss_total:1.998), err:(err_spk:0.953), lr(e-3):[ 1.000], grad(e-3):(speaker:0.427,norm:0.000,total:0.427), noise(e-3):(mean:0.000,std:0.000,m_abs:0.000)
epoch: 0009/0010 [00341/3551], mode:train, loss_total: 1.999(speaker:1.999,norm:0.000,loss_total:1.999), err:(err_spk:0.930), lr(e-3):[ 1.000], grad(e-3):(speaker:0.274,norm:0.000,total:0.274), noise(e-3):(mean:0.000,std:0.000,m_abs:0.000)
epoch: 0009/0010 [00441/3551], mode:train, loss_total: 1.998(speaker:1.998,norm:0.000,loss_total:1.998), err:(err_spk:0.938), lr(e-3):[ 1.000], grad(e-3):(speaker:0.274,norm:0.000,total:0.274), noise(e-3):(mean:0.000,std:0.000,m_abs:0.000)
epoch: 0009/0010 [00541/3551], mode:train, loss_total: 1.999(speaker:1.999,norm:0.000,loss_total:1.999), err:(err_spk:0.945), lr(e-3):[ 1.000], grad(e-3):(speaker:0.251,norm:0.000,total:0.251), noise(e-3):(mean:0.000,std:0.000,m_abs:0.000)
epoch: 0009/0010 [00641/3551], mode:train, loss_total: 1.999(speaker:1.999,norm:0.000,loss_total:1.999), err:(err_spk:0.930), lr(e-3):[ 1.000], grad(e-3):(speaker:0.267,norm:0.000,total:0.267), noise(e-3):(mean:0.000,std:0.000,m_abs:0.000)
epoch: 0009/0010 [00741/3551], mode:train, loss_total: 1.999(speaker:1.999,norm:0.000,loss_total:1.999), err:(err_spk:0.969), lr(e-3):[ 1.000], grad(e-3):(speaker:0.371,norm:0.000,total:0.371), noise(e-3):(mean:0.000,std:0.000,m_abs:0.000)
epoch: 0009/0010 [00841/3551], mode:train, loss_total: 1.999(speaker:1.999,norm:0.000,loss_total:1.999), err:(err_spk:0.945), lr(e-3):[ 1.000], grad(e-3):(speaker:0.325,norm:0.000,total:0.325), noise(e-3):(mean:0.000,std:0.000,m_abs:0.000)
epoch: 0009/0010 [00941/3551], mode:train, loss_total: 1.998(speaker:1.998,norm:0.000,loss_total:1.998), err:(err_spk:0.938), lr(e-3):[ 1.000], grad(e-3):(speaker:0.228,norm:0.000,total:0.228), noise(e-3):(mean:0.000,std:0.000,m_abs:0.000)
epoch: 0009/0010 [01041/3551], mode:train, loss_total: 1.999(speaker:1.999,norm:0.000,loss_total:1.999), err:(err_spk:0.961), lr(e-3):[ 1.000], grad(e-3):(speaker:0.199,norm:0.000,total:0.199), noise(e-3):(mean:0.000,std:0.000,m_abs:0.000)
epoch: 0009/0010 [01141/3551], mode:train, loss_total: 1.999(speaker:1.999,norm:0.000,loss_total:1.999), err:(err_spk:0.945), lr(e-3):[ 1.000], grad(e-3):(speaker:0.359,norm:0.000,total:0.359), noise(e-3):(mean:0.000,std:0.000,m_abs:0.000)
epoch: 0009/0010 [01241/3551], mode:train, loss_total: 1.999(speaker:1.999,norm:0.000,loss_total:1.999), err:(err_spk:0.922), lr(e-3):[ 1.000], grad(e-3):(speaker:0.287,norm:0.000,total:0.287), noise(e-3):(mean:0.000,std:0.000,m_abs:0.000)
epoch: 0009/0010 [01341/3551], mode:train, loss_total: 1.999(speaker:1.999,norm:0.000,loss_total:1.999), err:(err_spk:0.945), lr(e-3):[ 1.000], grad(e-3):(speaker:0.249,norm:0.000,total:0.249), noise(e-3):(mean:0.000,std:0.000,m_abs:0.000)
epoch: 0009/0010 [01441/3551], mode:train, loss_total: 1.999(speaker:1.999,norm:0.000,loss_total:1.999), err:(err_spk:0.906), lr(e-3):[ 1.000], grad(e-3):(speaker:0.287,norm:0.000,total:0.287), noise(e-3):(mean:0.000,std:0.000,m_abs:0.000)
epoch: 0009/0010 [01541/3551], mode:train, loss_total: 1.999(speaker:1.999,norm:0.000,loss_total:1.999), err:(err_spk:0.938), lr(e-3):[ 1.000], grad(e-3):(speaker:0.305,norm:0.000,total:0.305), noise(e-3):(mean:0.000,std:0.000,m_abs:0.000)
epoch: 0009/0010 [01641/3551], mode:train, loss_total: 1.999(speaker:1.999,norm:0.000,loss_total:1.999), err:(err_spk:0.945), lr(e-3):[ 1.000], grad(e-3):(speaker:0.311,norm:0.000,total:0.311), noise(e-3):(mean:0.000,std:0.000,m_abs:0.000)
epoch: 0009/0010 [01741/3551], mode:train, loss_total: 1.999(speaker:1.999,norm:0.000,loss_total:1.999), err:(err_spk:0.945), lr(e-3):[ 1.000], grad(e-3):(speaker:0.373,norm:0.000,total:0.373), noise(e-3):(mean:0.000,std:0.000,m_abs:0.000)
epoch: 0009/0010 [01841/3551], mode:train, loss_total: 1.998(speaker:1.998,norm:0.000,loss_total:1.998), err:(err_spk:0.938), lr(e-3):[ 1.000], grad(e-3):(speaker:0.350,norm:0.000,total:0.350), noise(e-3):(mean:0.000,std:0.000,m_abs:0.000)
epoch: 0009/0010 [01941/3551], mode:train, loss_total: 1.999(speaker:1.999,norm:0.000,loss_total:1.999), err:(err_spk:0.906), lr(e-3):[ 1.000], grad(e-3):(speaker:0.314,norm:0.000,total:0.314), noise(e-3):(mean:0.000,std:0.000,m_abs:0.000)
epoch: 0009/0010 [02041/3551], mode:train, loss_total: 1.999(speaker:1.999,norm:0.000,loss_total:1.999), err:(err_spk:0.945), lr(e-3):[ 1.000], grad(e-3):(speaker:0.276,norm:0.000,total:0.276), noise(e-3):(mean:0.000,std:0.000,m_abs:0.000)
epoch: 0009/0010 [02141/3551], mode:train, loss_total: 1.998(speaker:1.998,norm:0.000,loss_total:1.998), err:(err_spk:0.930), lr(e-3):[ 1.000], grad(e-3):(speaker:0.295,norm:0.000,total:0.295), noise(e-3):(mean:0.000,std:0.000,m_abs:0.000)
epoch: 0009/0010 [02241/3551], mode:train, loss_total: 1.999(speaker:1.999,norm:0.000,loss_total:1.999), err:(err_spk:0.945), lr(e-3):[ 1.000], grad(e-3):(speaker:0.322,norm:0.000,total:0.322), noise(e-3):(mean:0.000,std:0.000,m_abs:0.000)
epoch: 0009/0010 [02341/3551], mode:train, loss_total: 1.999(speaker:1.999,norm:0.000,loss_total:1.999), err:(err_spk:0.953), lr(e-3):[ 1.000], grad(e-3):(speaker:0.302,norm:0.000,total:0.302), noise(e-3):(mean:0.000,std:0.000,m_abs:0.000)
epoch: 0009/0010 [02441/3551], mode:train, loss_total: 1.998(speaker:1.998,norm:0.000,loss_total:1.998), err:(err_spk:0.930), lr(e-3):[ 1.000], grad(e-3):(speaker:0.289,norm:0.000,total:0.289), noise(e-3):(mean:0.000,std:0.000,m_abs:0.000)
epoch: 0009/0010 [02541/3551], mode:train, loss_total: 1.999(speaker:1.999,norm:0.000,loss_total:1.999), err:(err_spk:0.930), lr(e-3):[ 1.000], grad(e-3):(speaker:0.309,norm:0.000,total:0.309), noise(e-3):(mean:0.000,std:0.000,m_abs:0.000)
epoch: 0009/0010 [02641/3551], mode:train, loss_total: 1.998(speaker:1.998,norm:0.000,loss_total:1.998), err:(err_spk:0.914), lr(e-3):[ 1.000], grad(e-3):(speaker:0.282,norm:0.000,total:0.282), noise(e-3):(mean:0.000,std:0.000,m_abs:0.000)
epoch: 0009/0010 [02741/3551], mode:train, loss_total: 1.998(speaker:1.998,norm:0.000,loss_total:1.998), err:(err_spk:0.945), lr(e-3):[ 1.000], grad(e-3):(speaker:0.285,norm:0.000,total:0.285), noise(e-3):(mean:0.000,std:0.000,m_abs:0.000)
epoch: 0009/0010 [02841/3551], mode:train, loss_total: 1.999(speaker:1.999,norm:0.000,loss_total:1.999), err:(err_spk:0.945), lr(e-3):[ 1.000], grad(e-3):(speaker:0.268,norm:0.000,total:0.268), noise(e-3):(mean:0.000,std:0.000,m_abs:0.000)
epoch: 0009/0010 [02941/3551], mode:train, loss_total: 1.999(speaker:1.999,norm:0.000,loss_total:1.999), err:(err_spk:0.906), lr(e-3):[ 1.000], grad(e-3):(speaker:0.374,norm:0.000,total:0.374), noise(e-3):(mean:0.000,std:0.000,m_abs:0.000)
epoch: 0009/0010 [03041/3551], mode:train, loss_total: 1.998(speaker:1.998,norm:0.000,loss_total:1.998), err:(err_spk:0.930), lr(e-3):[ 1.000], grad(e-3):(speaker:0.355,norm:0.000,total:0.355), noise(e-3):(mean:0.000,std:0.000,m_abs:0.000)
epoch: 0009/0010 [03141/3551], mode:train, loss_total: 1.999(speaker:1.999,norm:0.000,loss_total:1.999), err:(err_spk:0.984), lr(e-3):[ 1.000], grad(e-3):(speaker:0.388,norm:0.000,total:0.388), noise(e-3):(mean:0.000,std:0.000,m_abs:0.000)
epoch: 0009/0010 [03241/3551], mode:train, loss_total: 1.999(speaker:1.999,norm:0.000,loss_total:1.999), err:(err_spk:0.938), lr(e-3):[ 1.000], grad(e-3):(speaker:0.207,norm:0.000,total:0.207), noise(e-3):(mean:0.000,std:0.000,m_abs:0.000)
epoch: 0009/0010 [03341/3551], mode:train, loss_total: 1.999(speaker:1.999,norm:0.000,loss_total:1.999), err:(err_spk:0.961), lr(e-3):[ 1.000], grad(e-3):(speaker:0.313,norm:0.000,total:0.313), noise(e-3):(mean:0.000,std:0.000,m_abs:0.000)
epoch: 0009/0010 [03441/3551], mode:train, loss_total: 1.998(speaker:1.998,norm:0.000,loss_total:1.998), err:(err_spk:0.906), lr(e-3):[ 1.000], grad(e-3):(speaker:0.242,norm:0.000,total:0.242), noise(e-3):(mean:0.000,std:0.000,m_abs:0.000)
epoch: 0009/0010 [03541/3551], mode:train, loss_total: 1.998(speaker:1.998,norm:0.000,loss_total:1.998), err:(err_spk:0.922), lr(e-3):[ 1.000], grad(e-3):(speaker:0.273,norm:0.000,total:0.273), noise(e-3):(mean:0.000,std:0.000,m_abs:0.000)
epoch: 0009 mode:train, 'speaker': 0.3015928521822519, 'norm': 9.25273044092214e-11, 'loss_total': 1.99831553266754, 'err_spk': 0.9298415841599895, 'mean': 3.294350617289609e-07, 'std': 8.454500227281363e-06, 'm_abs': 4.043967636738575e-07, 'total': 0.301592852182251
epoch: 0009/0010 [00079/907], mode:eval , loss: 1.998(speaker:1.998,norm:0.000,loss_total:1.998), err:(err_spk:0.953), noise(e-3):(mean:0.000,std:0.000,m_abs:0.000)
epoch: 0009/0010 [00179/907], mode:eval , loss: 1.998(speaker:1.998,norm:0.000,loss_total:1.998), err:(err_spk:0.906), noise(e-3):(mean:0.000,std:0.000,m_abs:0.000)
epoch: 0009/0010 [00279/907], mode:eval , loss: 1.998(speaker:1.998,norm:0.000,loss_total:1.998), err:(err_spk:0.930), noise(e-3):(mean:0.000,std:0.000,m_abs:0.000)
epoch: 0009/0010 [00379/907], mode:eval , loss: 1.999(speaker:1.999,norm:0.000,loss_total:1.999), err:(err_spk:0.906), noise(e-3):(mean:0.000,std:0.000,m_abs:0.000)
epoch: 0009/0010 [00479/907], mode:eval , loss: 1.999(speaker:1.999,norm:0.000,loss_total:1.999), err:(err_spk:0.922), noise(e-3):(mean:0.000,std:0.000,m_abs:0.000)
epoch: 0009/0010 [00579/907], mode:eval , loss: 1.999(speaker:1.999,norm:0.000,loss_total:1.999), err:(err_spk:0.914), noise(e-3):(mean:0.000,std:0.000,m_abs:0.000)
epoch: 0009/0010 [00679/907], mode:eval , loss: 1.998(speaker:1.998,norm:0.000,loss_total:1.998), err:(err_spk:0.953), noise(e-3):(mean:0.000,std:0.000,m_abs:0.000)
epoch: 0009/0010 [00779/907], mode:eval , loss: 1.998(speaker:1.998,norm:0.000,loss_total:1.998), err:(err_spk:0.945), noise(e-3):(mean:0.000,std:0.000,m_abs:0.000)
epoch: 0009/0010 [00879/907], mode:eval , loss: 1.999(speaker:1.999,norm:0.000,loss_total:1.999), err:(err_spk:0.953), noise(e-3):(mean:0.000,std:0.000,m_abs:0.000)
epoch: 0009 mode: eval, 'speaker': 1.9985849824445001, 'norm': 0.0, 'loss_total': 1.9985849824445001, 'err_spk': 0.9300258620689655, 'mean': 0.0, 'std': 0.0, 'm_abs': 0.
EvalHook: best accu: 0.932, is_best: False
training end!
